Arguments: 
  C:\Program Files\nodejs\node.exe C:\Users\James\AppData\Roaming\npm\node_modules\yarn\bin\yarn.js install

PATH: 
  C:\Users\James\bin;C:\Program Files\Git\mingw64\bin;C:\Program Files\Git\usr\local\bin;C:\Program Files\Git\usr\bin;C:\Program Files\Git\usr\bin;C:\Program Files\Git\mingw64\bin;C:\Program Files\Git\usr\bin;C:\Users\James\bin;C:\Python310\Scripts;C:\Python310;C:\WINDOWS\system32;C:\WINDOWS;C:\WINDOWS\System32\Wbem;C:\WINDOWS\System32\WindowsPowerShell\v1.0;C:\WINDOWS\System32\OpenSSH;C:\Program Files (x86)\AOMEI\AOMEI Backupper\6.9.0;C:\Program Files\Git\cmd;C:\Program Files\nodejs;C:\ProgramData\chocolatey\bin;C:\Users\James\AppData\Local\Pub\Cache\bin;C:\Users\James\AppData\Local\Microsoft\WindowsApps;C:\Users\James\AppData\Local\Programs\Microsoft VS Code\bin;C:\Users\James\AppData\Roaming\npm;C:\dev\flutter\bin;C:\Program Files\heroku\bin;C:\dev\flutter\bin\cache\dart-sdk\bin;C:\Users\James\AppData\Local\Programs\Hyper\resources\bin;C:\Program Files\Git\usr\bin\vendor_perl;C:\Program Files\Git\usr\bin\core_perl

Yarn version: 
  1.22.19

Node version: 
  16.15.0

Platform: 
  win32 x64

Trace: 
  SyntaxError: C:\Users\James\Desktop\starwarsapi\package.json: Unexpected token } in JSON at position 904
      at JSON.parse (<anonymous>)
      at C:\Users\James\AppData\Roaming\npm\node_modules\yarn\lib\cli.js:1629:59
      at Generator.next (<anonymous>)
      at step (C:\Users\James\AppData\Roaming\npm\node_modules\yarn\lib\cli.js:310:30)
      at C:\Users\James\AppData\Roaming\npm\node_modules\yarn\lib\cli.js:321:13

npm manifest: 
  {
    "name": "starwarsapi",
    "version": "1.0.0",
    "description": "A starwars api consumable",
    "private": true,
    "scripts": {
      "start": "nodemon index.js",
      "build": "webpack"
    },
    "repository": {
      "type": "git",
      "url": "git+https://github.com/pythonvista/starwarsapi.git"
    },
    "keywords": [
      "starwars",
      "api"
    ],
    "author": "Emeter Victor",
    "license": "ISC",
    "bugs": {
      "url": "https://github.com/pythonvista/starwarsapi/issues"
    },
    "homepage": "https://github.com/pythonvista/starwarsapi#readme",
    "dependencies": {
      "body-parser": "^1.20.1",
      "cors": "^2.8.5",
      "dotenv": "^16.0.3",
      "express": "^4.18.1",
      "jquery": "^3.1.1",
      "mongoose": "^6.6.5",
      "nodemon": "^2.0.20"
    },
    "devDependencies": {
      "bable-loader": "^0.0.1-security",
      "webpack": "1.13.2",
      "babel-loader": "^6.2.5",
      "babel-preset-es2015": "^6.14.0",
      
    }
  }

yarn manifest: 
  No manifest

Lockfile: 
  # THIS IS AN AUTOGENERATED FILE. DO NOT EDIT THIS FILE DIRECTLY.
  # yarn lockfile v1
  
  
  "@types/node@*":
    "integrity" "sha512-cRMwIgdDN43GO4xMWAfJAecYn8wV4JbsOGHNfNUIDiuYkUYAR5ec4Rj7IO2SAhFPEfpPtLtUTbbny/TCT7aDwA=="
    "resolved" "https://registry.npmjs.org/@types/node/-/node-18.8.2.tgz"
    "version" "18.8.2"
  
  "@types/webidl-conversions@*":
    "integrity" "sha512-xTE1E+YF4aWPJJeUzaZI5DRntlkY3+BCVJi0axFptnjGmAoWxkyREIh/XMrfxVLejwQxMCfDXdICo0VLxThrog=="
    "resolved" "https://registry.npmjs.org/@types/webidl-conversions/-/webidl-conversions-7.0.0.tgz"
    "version" "7.0.0"
  
  "@types/whatwg-url@^8.2.1":
    "integrity" "sha512-FtQu10RWgn3D9U4aazdwIE2yzphmTJREDqNdODHrbrZmmMqI0vMheC/6NE/J1Yveaj8H+ela+YwWTjq5PGmuhA=="
    "resolved" "https://registry.npmjs.org/@types/whatwg-url/-/whatwg-url-8.2.2.tgz"
    "version" "8.2.2"
    dependencies:
      "@types/node" "*"
      "@types/webidl-conversions" "*"
  
  "abbrev@1":
    "integrity" "sha512-nne9/IiQ/hzIhY6pdDnbBtz7DjPTKrY00P/zvPSm5pOFkl6xuGrGnXn/VtTNNfNtAfZ9/1RtehkszU9qcTii0Q=="
    "resolved" "https://registry.npmjs.org/abbrev/-/abbrev-1.1.1.tgz"
    "version" "1.1.1"
  
  "accepts@~1.3.8":
    "integrity" "sha512-PYAthTa2m2VKxuvSD3DPC/Gy+U+sOA1LAuT8mkmRuvw+NACSaeXEQ+NHcVF7rONl6qcaxV3Uuemwawk+7+SJLw=="
    "resolved" "https://registry.npmjs.org/accepts/-/accepts-1.3.8.tgz"
    "version" "1.3.8"
    dependencies:
      "mime-types" "~2.1.34"
      "negotiator" "0.6.3"
  
  "acorn@^3.0.0":
    "integrity" "sha512-OLUyIIZ7mF5oaAUT1w0TFqQS81q3saT46x8t7ukpPjMNk+nbs4ZHhs7ToV8EWnLYLepjETXd4XaCE4uxkMeqUw=="
    "resolved" "https://registry.npmjs.org/acorn/-/acorn-3.3.0.tgz"
    "version" "3.3.0"
  
  "align-text@^0.1.1", "align-text@^0.1.3":
    "integrity" "sha512-GrTZLRpmp6wIC2ztrWW9MjjTgSKccffgFagbNDOX95/dcjEcYZibYTeaOntySQLcdw1ztBoFkviiUvTMbb9MYg=="
    "resolved" "https://registry.npmjs.org/align-text/-/align-text-0.1.4.tgz"
    "version" "0.1.4"
    dependencies:
      "kind-of" "^3.0.2"
      "longest" "^1.0.1"
      "repeat-string" "^1.5.2"
  
  "amdefine@>=0.0.4":
    "integrity" "sha512-S2Hw0TtNkMJhIabBwIojKL9YHO5T0n5eNqWJ7Lrlel/zDbftQpxpapi8tZs3X1HWa+u+QeydGmzzNU0m09+Rcg=="
    "resolved" "https://registry.npmjs.org/amdefine/-/amdefine-1.0.1.tgz"
    "version" "1.0.1"
  
  "anymatch@^1.3.0":
    "integrity" "sha512-0XNayC8lTHQ2OI8aljNCN3sSx6hsr/1+rlcDAotXJR7C1oZZHCNsfpbKwMjRA3Uqb5tF1Rae2oloTr4xpq+WjA=="
    "resolved" "https://registry.npmjs.org/anymatch/-/anymatch-1.3.2.tgz"
    "version" "1.3.2"
    dependencies:
      "micromatch" "^2.1.5"
      "normalize-path" "^2.0.0"
  
  "anymatch@~3.1.2":
    "integrity" "sha512-P43ePfOAIupkguHUycrc4qJ9kz8ZiuOUijaETwX7THt0Y/GNK7v0aa8rY816xWjZ7rJdA5XdMcpVFTKMq+RvWg=="
    "resolved" "https://registry.npmjs.org/anymatch/-/anymatch-3.1.2.tgz"
    "version" "3.1.2"
    dependencies:
      "normalize-path" "^3.0.0"
      "picomatch" "^2.0.4"
  
  "arr-diff@^2.0.0":
    "integrity" "sha512-dtXTVMkh6VkEEA7OhXnN1Ecb8aAGFdZ1LFxtOCoqj4qkyOJMt7+qs6Ahdy6p/NQCPYsRSXXivhSB/J5E9jmYKA=="
    "resolved" "https://registry.npmjs.org/arr-diff/-/arr-diff-2.0.0.tgz"
    "version" "2.0.0"
    dependencies:
      "arr-flatten" "^1.0.1"
  
  "arr-diff@^4.0.0":
    "integrity" "sha512-YVIQ82gZPGBebQV/a8dar4AitzCQs0jjXwMPZllpXMaGjXPYVUawSxQrRsjhjupyVxEvbHgUmIhKVlND+j02kA=="
    "resolved" "https://registry.npmjs.org/arr-diff/-/arr-diff-4.0.0.tgz"
    "version" "4.0.0"
  
  "arr-flatten@^1.0.1", "arr-flatten@^1.1.0":
    "integrity" "sha512-L3hKV5R/p5o81R7O02IGnwpDmkp6E982XhtbuwSe3O4qOtMMMtodicASA1Cny2U+aCXcNpml+m4dPsvsJ3jatg=="
    "resolved" "https://registry.npmjs.org/arr-flatten/-/arr-flatten-1.1.0.tgz"
    "version" "1.1.0"
  
  "arr-union@^3.1.0":
    "integrity" "sha512-sKpyeERZ02v1FeCZT8lrfJq5u6goHCtpTAzPwJYe7c8SPFOboNjNg1vz2L4VTn9T4PQxEx13TbXLmYUcS6Ug7Q=="
    "resolved" "https://registry.npmjs.org/arr-union/-/arr-union-3.1.0.tgz"
    "version" "3.1.0"
  
  "array-flatten@1.1.1":
    "integrity" "sha512-PCVAQswWemu6UdxsDFFX/+gVeYqKAod3D3UVm91jHwynguOwAvYPhx8nNlM++NqRcK6CxxpUafjmhIdKiHibqg=="
    "resolved" "https://registry.npmjs.org/array-flatten/-/array-flatten-1.1.1.tgz"
    "version" "1.1.1"
  
  "array-unique@^0.2.1":
    "integrity" "sha512-G2n5bG5fSUCpnsXz4+8FUkYsGPkNfLn9YvS66U5qbTIXI2Ynnlo4Bi42bWv+omKUCqz+ejzfClwne0alJWJPhg=="
    "resolved" "https://registry.npmjs.org/array-unique/-/array-unique-0.2.1.tgz"
    "version" "0.2.1"
  
  "array-unique@^0.3.2":
    "integrity" "sha512-SleRWjh9JUud2wH1hPs9rZBZ33H6T9HOiL0uwGnGx9FpE6wKGyfWugmbkEOIs6qWrZhg0LWeLziLrEwQJhs5mQ=="
    "resolved" "https://registry.npmjs.org/array-unique/-/array-unique-0.3.2.tgz"
    "version" "0.3.2"
  
  "assert@^1.1.1":
    "integrity" "sha512-EDsgawzwoun2CZkCgtxJbv392v4nbk9XDD06zI+kQYoBM/3RBWLlEyJARDOmhAAosBjWACEkKL6S+lIZtcAubA=="
    "resolved" "https://registry.npmjs.org/assert/-/assert-1.5.0.tgz"
    "version" "1.5.0"
    dependencies:
      "object-assign" "^4.1.1"
      "util" "0.10.3"
  
  "assign-symbols@^1.0.0":
    "integrity" "sha512-Q+JC7Whu8HhmTdBph/Tq59IoRtoy6KAm5zzPv00WdujX82lbAL8K7WVjne7vdCsAmbF4AYaDOPyO3k0kl8qIrw=="
    "resolved" "https://registry.npmjs.org/assign-symbols/-/assign-symbols-1.0.0.tgz"
    "version" "1.0.0"
  
  "async-each@^1.0.0":
    "integrity" "sha512-z/WhQ5FPySLdvREByI2vZiTWwCnF0moMJ1hK9YQwDTHKh6I7/uSckMetoRGb5UBZPC1z0jlw+n/XCgjeH7y1AQ=="
    "resolved" "https://registry.npmjs.org/async-each/-/async-each-1.0.3.tgz"
    "version" "1.0.3"
  
  "async@^0.9.0":
    "integrity" "sha512-l6ToIJIotphWahxxHyzK9bnLR6kM4jJIIgLShZeqLY7iboHoGkdgFl7W2/Ivi4SkMJYGKqW8vSuk0uKUj6qsSw=="
    "resolved" "https://registry.npmjs.org/async/-/async-0.9.2.tgz"
    "version" "0.9.2"
  
  "async@^1.3.0":
    "integrity" "sha512-nSVgobk4rv61R9PUSDtYt7mPVB2olxNR5RWJcAsH676/ef11bUZwvu7+RGYrYauVdDPcO519v68wRhXQtxsV9w=="
    "resolved" "https://registry.npmjs.org/async/-/async-1.5.2.tgz"
    "version" "1.5.2"
  
  "async@~0.2.6":
    "integrity" "sha512-eAkdoKxU6/LkKDBzLpT+t6Ff5EtfSF4wx1WfJiPEEV7WNLnDaRXk0oVysiEPm262roaachGexwUv94WhSgN5TQ=="
    "resolved" "https://registry.npmjs.org/async/-/async-0.2.10.tgz"
    "version" "0.2.10"
  
  "atob@^2.1.2":
    "integrity" "sha512-Wm6ukoaOGJi/73p/cl2GvLjTI5JM1k/O14isD73YML8StrH/7/lRFgmg8nICZgD3bZZvjwCGxtMOD3wWNAu8cg=="
    "resolved" "https://registry.npmjs.org/atob/-/atob-2.1.2.tgz"
    "version" "2.1.2"
  
  "bable-loader@^0.0.1-security":
    "integrity" "sha512-c+3kzBR1xfVF2s/Lxk0J9rnI8lXJ7gGqcRTOcnvvrknHGiHHRoZbxrkh+Hq0eOb2tnZB3WvDSkD9yi5vV5bFCA=="
    "resolved" "https://registry.npmjs.org/bable-loader/-/bable-loader-0.0.1-security.tgz"
    "version" "0.0.1-security"
  
  "balanced-match@^1.0.0":
    "integrity" "sha512-3oSeUO0TMV67hN1AmbXsK4yaqU7tjiHlbxRDZOpH0KW9+CeX4bRAaX0Anxt0tx2MrpRpWwQaPwIlISEJhYU5Pw=="
    "resolved" "https://registry.npmjs.org/balanced-match/-/balanced-match-1.0.2.tgz"
    "version" "1.0.2"
  
  "base@^0.11.1":
    "integrity" "sha512-5T6P4xPgpp0YDFvSWwEZ4NoE3aM4QBQXDzmVbraCkFj8zHM+mba8SyqB5DbZWyR7mYHo6Y7BdQo3MoA4m0TeQg=="
    "resolved" "https://registry.npmjs.org/base/-/base-0.11.2.tgz"
    "version" "0.11.2"
    dependencies:
      "cache-base" "^1.0.1"
      "class-utils" "^0.3.5"
      "component-emitter" "^1.2.1"
      "define-property" "^1.0.0"
      "isobject" "^3.0.1"
      "mixin-deep" "^1.2.0"
      "pascalcase" "^0.1.1"
  
  "base64-js@^1.0.2", "base64-js@^1.3.1":
    "integrity" "sha512-AKpaYlHn8t4SVbOHCy+b5+KKgvR4vrsD8vbvrbiQJps7fKDTkjkDry6ji0rUJjC0kzbNePLwzxq8iypo41qeWA=="
    "resolved" "https://registry.npmjs.org/base64-js/-/base64-js-1.5.1.tgz"
    "version" "1.5.1"
  
  "Base64@~0.2.0":
    "integrity" "sha512-reGEWshDmTDQDsCec/HduOO9Wyj6yMOupMfhIf3ugN1TDlK2NQW4DDJSqNNtp380SNcvRfXtO8HSCQot0d0SMw=="
    "resolved" "https://registry.npmjs.org/Base64/-/Base64-0.2.1.tgz"
    "version" "0.2.1"
  
  "big.js@^3.1.3":
    "integrity" "sha512-+hN/Zh2D08Mx65pZ/4g5bsmNiZUuChDiQfTUQ7qJr4/kuopCr88xZsAXv6mBoZEsUI4OuGHlX59qE94K2mMW8Q=="
    "resolved" "https://registry.npmjs.org/big.js/-/big.js-3.2.0.tgz"
    "version" "3.2.0"
  
  "binary-extensions@^1.0.0":
    "integrity" "sha512-Un7MIEDdUC5gNpcGDV97op1Ywk748MpHcFTHoYs6qnj1Z3j7I53VG3nwZhKzoBZmbdRNnb6WRdFlwl7tSDuZGw=="
    "resolved" "https://registry.npmjs.org/binary-extensions/-/binary-extensions-1.13.1.tgz"
    "version" "1.13.1"
  
  "binary-extensions@^2.0.0":
    "integrity" "sha512-jDctJ/IVQbZoJykoeHbhXpOlNBqGNcwXJKJog42E5HDPUwQTSdjCHdihjj0DlnheQ7blbT6dHOafNAiS8ooQKA=="
    "resolved" "https://registry.npmjs.org/binary-extensions/-/binary-extensions-2.2.0.tgz"
    "version" "2.2.0"
  
  "body-parser@^1.20.1":
    "integrity" "sha512-jWi7abTbYwajOytWCQc37VulmWiRae5RyTpaCyDcS5/lMdtwSz5lOpDE67srw/HYe35f1z3fDQw+3txg7gNtWw=="
    "resolved" "https://registry.npmjs.org/body-parser/-/body-parser-1.20.1.tgz"
    "version" "1.20.1"
    dependencies:
      "bytes" "3.1.2"
      "content-type" "~1.0.4"
      "debug" "2.6.9"
      "depd" "2.0.0"
      "destroy" "1.2.0"
      "http-errors" "2.0.0"
      "iconv-lite" "0.4.24"
      "on-finished" "2.4.1"
      "qs" "6.11.0"
      "raw-body" "2.5.1"
      "type-is" "~1.6.18"
      "unpipe" "1.0.0"
  
  "body-parser@1.20.0":
    "integrity" "sha512-DfJ+q6EPcGKZD1QWUjSpqp+Q7bDQTsQIF4zfUAtZ6qk+H/3/QRhg9CEp39ss+/T2vw0+HaidC0ecJj/DRLIaKg=="
    "resolved" "https://registry.npmjs.org/body-parser/-/body-parser-1.20.0.tgz"
    "version" "1.20.0"
    dependencies:
      "bytes" "3.1.2"
      "content-type" "~1.0.4"
      "debug" "2.6.9"
      "depd" "2.0.0"
      "destroy" "1.2.0"
      "http-errors" "2.0.0"
      "iconv-lite" "0.4.24"
      "on-finished" "2.4.1"
      "qs" "6.10.3"
      "raw-body" "2.5.1"
      "type-is" "~1.6.18"
      "unpipe" "1.0.0"
  
  "brace-expansion@^1.1.7":
    "integrity" "sha512-iCuPHDFgrHX7H2vEI/5xpz07zSHB00TpugqhmYtVmMO6518mCuRMoOYFldEBl0g187ufozdaHgWKcYFb61qGiA=="
    "resolved" "https://registry.npmjs.org/brace-expansion/-/brace-expansion-1.1.11.tgz"
    "version" "1.1.11"
    dependencies:
      "balanced-match" "^1.0.0"
      "concat-map" "0.0.1"
  
  "braces@^1.8.2":
    "integrity" "sha512-xU7bpz2ytJl1bH9cgIurjpg/n8Gohy9GTw81heDYLJQ4RU60dlyJsa+atVF2pI0yMMvKxI9HkKwjePCj5XI1hw=="
    "resolved" "https://registry.npmjs.org/braces/-/braces-1.8.5.tgz"
    "version" "1.8.5"
    dependencies:
      "expand-range" "^1.8.1"
      "preserve" "^0.2.0"
      "repeat-element" "^1.1.2"
  
  "braces@^2.3.1":
    "integrity" "sha512-aNdbnj9P8PjdXU4ybaWLK2IF3jc/EoDYbC7AazW6to3TRsfXxscC9UXOB5iDiEQrkyIbWp2SLQda4+QAa7nc3w=="
    "resolved" "https://registry.npmjs.org/braces/-/braces-2.3.2.tgz"
    "version" "2.3.2"
    dependencies:
      "arr-flatten" "^1.1.0"
      "array-unique" "^0.3.2"
      "extend-shallow" "^2.0.1"
      "fill-range" "^4.0.0"
      "isobject" "^3.0.1"
      "repeat-element" "^1.1.2"
      "snapdragon" "^0.8.1"
      "snapdragon-node" "^2.0.1"
      "split-string" "^3.0.2"
      "to-regex" "^3.0.1"
  
  "braces@~3.0.2":
    "integrity" "sha512-b8um+L1RzM3WDSzvhm6gIz1yfTbBt6YTlcEKAvsmqCZZFw46z626lVj9j1yEPW33H5H+lBQpZMP1k8l+78Ha0A=="
    "resolved" "https://registry.npmjs.org/braces/-/braces-3.0.2.tgz"
    "version" "3.0.2"
    dependencies:
      "fill-range" "^7.0.1"
  
  "browserify-zlib@~0.1.4":
    "integrity" "sha512-19OEpq7vWgsH6WkvkBJQDFvJS1uPcbFOQ4v9CU839dO+ZZXUZO6XpE6hNCqvlIIj+4fZvRiJ6DsAQ382GwiyTQ=="
    "resolved" "https://registry.npmjs.org/browserify-zlib/-/browserify-zlib-0.1.4.tgz"
    "version" "0.1.4"
    dependencies:
      "pako" "~0.2.0"
  
  "bson@^4.6.5", "bson@^4.7.0":
    "integrity" "sha512-VrlEE4vuiO1WTpfof4VmaVolCVYkYTgB9iWgYNOrVlnifpME/06fhFRmONgBhClD5pFC1t9ZWqFUQEQAzY43bA=="
    "resolved" "https://registry.npmjs.org/bson/-/bson-4.7.0.tgz"
    "version" "4.7.0"
    dependencies:
      "buffer" "^5.6.0"
  
  "buffer@^4.9.0":
    "integrity" "sha512-xq+q3SRMOxGivLhBNaUdC64hDTQwejJ+H0T/NB1XMtTVEwNTrfFF3gAxiyW0Bu/xWEGhjVKgUcMhCrUy2+uCWg=="
    "resolved" "https://registry.npmjs.org/buffer/-/buffer-4.9.2.tgz"
    "version" "4.9.2"
    dependencies:
      "base64-js" "^1.0.2"
      "ieee754" "^1.1.4"
      "isarray" "^1.0.0"
  
  "buffer@^5.6.0":
    "integrity" "sha512-EHcyIPBQ4BSGlvjB16k5KgAJ27CIsHY/2JBmCRReo48y9rQ3MaUzWX3KVlBa4U7MyX02HdVj0K7C3WaB3ju7FQ=="
    "resolved" "https://registry.npmjs.org/buffer/-/buffer-5.7.1.tgz"
    "version" "5.7.1"
    dependencies:
      "base64-js" "^1.3.1"
      "ieee754" "^1.1.13"
  
  "bytes@3.1.2":
    "integrity" "sha512-/Nf7TyzTx6S3yRJObOAV7956r8cr2+Oj8AC5dt8wSP3BQAoeX58NoHyCU8P8zGkNXStjTSi6fzO6F0pBdcYbEg=="
    "resolved" "https://registry.npmjs.org/bytes/-/bytes-3.1.2.tgz"
    "version" "3.1.2"
  
  "cache-base@^1.0.1":
    "integrity" "sha512-AKcdTnFSWATd5/GCPRxr2ChwIJ85CeyrEyjRHlKxQ56d4XJMGym0uAiKn0xbLOGOl3+yRpOTi484dVCEc5AUzQ=="
    "resolved" "https://registry.npmjs.org/cache-base/-/cache-base-1.0.1.tgz"
    "version" "1.0.1"
    dependencies:
      "collection-visit" "^1.0.0"
      "component-emitter" "^1.2.1"
      "get-value" "^2.0.6"
      "has-value" "^1.0.0"
      "isobject" "^3.0.1"
      "set-value" "^2.0.0"
      "to-object-path" "^0.3.0"
      "union-value" "^1.0.0"
      "unset-value" "^1.0.0"
  
  "call-bind@^1.0.0":
    "integrity" "sha512-7O+FbCihrB5WGbFYesctwmTKae6rOiIzmz1icreWJ+0aA7LJfuqhEso2T9ncpcFtzMQtzXf2QGGueWJGTYsqrA=="
    "resolved" "https://registry.npmjs.org/call-bind/-/call-bind-1.0.2.tgz"
    "version" "1.0.2"
    dependencies:
      "function-bind" "^1.1.1"
      "get-intrinsic" "^1.0.2"
  
  "camelcase@^1.0.2":
    "integrity" "sha512-wzLkDa4K/mzI1OSITC+DUyjgIl/ETNHE9QvYgy6J6Jvqyyz4C0Xfd+lQhb19sX2jMpZV4IssUn0VDVmglV+s4g=="
    "resolved" "https://registry.npmjs.org/camelcase/-/camelcase-1.2.1.tgz"
    "version" "1.2.1"
  
  "center-align@^0.1.1":
    "integrity" "sha512-Baz3aNe2gd2LP2qk5U+sDk/m4oSuwSDcBfayTCTBoWpfIGO5XFxPmjILQII4NGiZjD6DoDI6kf7gKaxkf7s3VQ=="
    "resolved" "https://registry.npmjs.org/center-align/-/center-align-0.1.3.tgz"
    "version" "0.1.3"
    dependencies:
      "align-text" "^0.1.3"
      "lazy-cache" "^1.0.3"
  
  "chokidar@^1.0.0":
    "integrity" "sha512-mk8fAWcRUOxY7btlLtitj3A45jOwSAxH4tOFOoEGbVsl6cL6pPMWUy7dwZ/canfj3QEdP6FHSnf/l1c6/WkzVg=="
    "resolved" "https://registry.npmjs.org/chokidar/-/chokidar-1.7.0.tgz"
    "version" "1.7.0"
    dependencies:
      "anymatch" "^1.3.0"
      "async-each" "^1.0.0"
      "glob-parent" "^2.0.0"
      "inherits" "^2.0.1"
      "is-binary-path" "^1.0.0"
      "is-glob" "^2.0.0"
      "path-is-absolute" "^1.0.0"
      "readdirp" "^2.0.0"
    optionalDependencies:
      "fsevents" "^1.0.0"
  
  "chokidar@^3.5.2":
    "integrity" "sha512-Dr3sfKRP6oTcjf2JmUmFJfeVMvXBdegxB0iVQ5eb2V10uFJUCAS8OByZdVAyVb8xXNz3GjjTgj9kLWsZTqE6kw=="
    "resolved" "https://registry.npmjs.org/chokidar/-/chokidar-3.5.3.tgz"
    "version" "3.5.3"
    dependencies:
      "anymatch" "~3.1.2"
      "braces" "~3.0.2"
      "glob-parent" "~5.1.2"
      "is-binary-path" "~2.1.0"
      "is-glob" "~4.0.1"
      "normalize-path" "~3.0.0"
      "readdirp" "~3.6.0"
    optionalDependencies:
      "fsevents" "~2.3.2"
  
  "class-utils@^0.3.5":
    "integrity" "sha512-qOhPa/Fj7s6TY8H8esGu5QNpMMQxz79h+urzrNYN6mn+9BnxlDGf5QZ+XeCDsxSjPqsSR56XOZOJmpeurnLMeg=="
    "resolved" "https://registry.npmjs.org/class-utils/-/class-utils-0.3.6.tgz"
    "version" "0.3.6"
    dependencies:
      "arr-union" "^3.1.0"
      "define-property" "^0.2.5"
      "isobject" "^3.0.0"
      "static-extend" "^0.1.1"
  
  "cliui@^2.1.0":
    "integrity" "sha512-GIOYRizG+TGoc7Wgc1LiOTLare95R3mzKgoln+Q/lE4ceiYH19gUpl0l0Ffq4lJDEf3FxujMe6IBfOCs7pfqNA=="
    "resolved" "https://registry.npmjs.org/cliui/-/cliui-2.1.0.tgz"
    "version" "2.1.0"
    dependencies:
      "center-align" "^0.1.1"
      "right-align" "^0.1.1"
      "wordwrap" "0.0.2"
  
  "clone@^1.0.2":
    "integrity" "sha512-JQHZ2QMW6l3aH/j6xCqQThY/9OH4D/9ls34cgkUBiEeocRTU04tHfKPBsUK1PqZCUQM7GiA0IIXJSuXHI64Kbg=="
    "resolved" "https://registry.npmjs.org/clone/-/clone-1.0.4.tgz"
    "version" "1.0.4"
  
  "collection-visit@^1.0.0":
    "integrity" "sha512-lNkKvzEeMBBjUGHZ+q6z9pSJla0KWAQPvtzhEV9+iGyQYG+pBpl7xKDhxoNSOZH2hhv0v5k0y2yAM4o4SjoSkw=="
    "resolved" "https://registry.npmjs.org/collection-visit/-/collection-visit-1.0.0.tgz"
    "version" "1.0.0"
    dependencies:
      "map-visit" "^1.0.0"
      "object-visit" "^1.0.0"
  
  "component-emitter@^1.2.1":
    "integrity" "sha512-Rd3se6QB+sO1TwqZjscQrurpEPIfO0/yYnSin6Q/rD3mOutHvUrCAhJub3r90uNb+SESBuE0QYoB90YdfatsRg=="
    "resolved" "https://registry.npmjs.org/component-emitter/-/component-emitter-1.3.0.tgz"
    "version" "1.3.0"
  
  "concat-map@0.0.1":
    "integrity" "sha512-/Srv4dswyQNBfohGpz9o6Yb3Gz3SrUDqBH5rTuhGR7ahtlbYKnVxw2bCFMRljaA7EXHaXZ8wsHdodFvbkhKmqg=="
    "resolved" "https://registry.npmjs.org/concat-map/-/concat-map-0.0.1.tgz"
    "version" "0.0.1"
  
  "console-browserify@^1.1.0":
    "integrity" "sha512-ZMkYO/LkF17QvCPqM0gxw8yUzigAOZOSWSHg91FH6orS7vcEj5dVZTidN2fQ14yBSdg97RqhSNwLUXInd52OTA=="
    "resolved" "https://registry.npmjs.org/console-browserify/-/console-browserify-1.2.0.tgz"
    "version" "1.2.0"
  
  "constants-browserify@0.0.1":
    "integrity" "sha512-FL+diDS9AKR5BAA2M+GNk8lnH64tRE3zepTG9hucxc7o04LgCRhkQZhF7u/OKHZT8LLRT+sZEi9qFzXUchq9pA=="
    "resolved" "https://registry.npmjs.org/constants-browserify/-/constants-browserify-0.0.1.tgz"
    "version" "0.0.1"
  
  "content-disposition@0.5.4":
    "integrity" "sha512-FveZTNuGw04cxlAiWbzi6zTAL/lhehaWbTtgluJh4/E95DqMwTmha3KZN1aAWA8cFIhHzMZUvLevkw5Rqk+tSQ=="
    "resolved" "https://registry.npmjs.org/content-disposition/-/content-disposition-0.5.4.tgz"
    "version" "0.5.4"
    dependencies:
      "safe-buffer" "5.2.1"
  
  "content-type@~1.0.4":
    "integrity" "sha512-hIP3EEPs8tB9AT1L+NUqtwOAps4mk2Zob89MWXMHjHWg9milF/j4osnnQLXBCBFBk/tvIG/tUc9mOUJiPBhPXA=="
    "resolved" "https://registry.npmjs.org/content-type/-/content-type-1.0.4.tgz"
    "version" "1.0.4"
  
  "cookie-signature@1.0.6":
    "integrity" "sha512-QADzlaHc8icV8I7vbaJXJwod9HWYp8uCqf1xa4OfNu1T7JVxQIrUgOWtHdNDtPiywmFbiS12VjotIXLrKM3orQ=="
    "resolved" "https://registry.npmjs.org/cookie-signature/-/cookie-signature-1.0.6.tgz"
    "version" "1.0.6"
  
  "cookie@0.5.0":
    "integrity" "sha512-YZ3GUyn/o8gfKJlnlX7g7xq4gyO6OSuhGPKaaGssGB2qgDUS0gPgtTvoyZLTt9Ab6dC4hfc9dV5arkvc/OCmrw=="
    "resolved" "https://registry.npmjs.org/cookie/-/cookie-0.5.0.tgz"
    "version" "0.5.0"
  
  "copy-descriptor@^0.1.0":
    "integrity" "sha512-XgZ0pFcakEUlbwQEVNg3+QAis1FyTL3Qel9FYy8pSkQqoG3PNoT0bOCQtOXcOkur21r2Eq2kI+IE+gsmAEVlYw=="
    "resolved" "https://registry.npmjs.org/copy-descriptor/-/copy-descriptor-0.1.1.tgz"
    "version" "0.1.1"
  
  "core-util-is@~1.0.0":
    "integrity" "sha512-ZQBvi1DcpJ4GDqanjucZ2Hj3wEO5pZDS89BWbkcrvdxksJorwUDDZamX9ldFkp9aw2lmBDLgkObEA4DWNJ9FYQ=="
    "resolved" "https://registry.npmjs.org/core-util-is/-/core-util-is-1.0.3.tgz"
    "version" "1.0.3"
  
  "cors@^2.8.5":
    "integrity" "sha512-KIHbLJqu73RGr/hnbrO9uBeixNGuvSQjul/jdFvS/KFSIH1hWVd1ng7zOHx+YrEfInLG7q4n6GHQ9cDtxv/P6g=="
    "resolved" "https://registry.npmjs.org/cors/-/cors-2.8.5.tgz"
    "version" "2.8.5"
    dependencies:
      "object-assign" "^4"
      "vary" "^1"
  
  "crypto-browserify@~3.2.6":
    "integrity" "sha512-nP/3E5fH0GFAiLBSf6PXxKAfO5X+abDmEyPUJ9zEkuZfaFVhA/plwgE98AKA9LlDA+sSjeO8eFPRStOPJbIy8g=="
    "resolved" "https://registry.npmjs.org/crypto-browserify/-/crypto-browserify-3.2.8.tgz"
    "version" "3.2.8"
    dependencies:
      "pbkdf2-compat" "2.0.1"
      "ripemd160" "0.2.0"
      "sha.js" "2.2.6"
  
  "debug@^2.2.0", "debug@^2.3.3", "debug@2.6.9":
    "integrity" "sha512-bC7ElrdJaJnPbAP+1EotYvqZsb3ecl5wi6Bfi6BJTUcNowp6cvspg0jXznRTKDjm/E7AdgFBVeAPVMNcKGsHMA=="
    "resolved" "https://registry.npmjs.org/debug/-/debug-2.6.9.tgz"
    "version" "2.6.9"
    dependencies:
      "ms" "2.0.0"
  
  "debug@^3.2.7":
    "integrity" "sha512-CFjzYYAi4ThfiQvizrFQevTTXHtnCqWfe7x1AhgEscTz6ZbLbfoLRLPugTQyBth6f8ZERVUSyWHFD/7Wu4t1XQ=="
    "resolved" "https://registry.npmjs.org/debug/-/debug-3.2.7.tgz"
    "version" "3.2.7"
    dependencies:
      "ms" "^2.1.1"
  
  "debug@4.x":
    "integrity" "sha512-PRWFHuSU3eDtQJPvnNY7Jcket1j0t5OuOsFzPPzsekD52Zl8qUfFIPEiswXqIvHWGVHOgX+7G/vCNNhehwxfkQ=="
    "resolved" "https://registry.npmjs.org/debug/-/debug-4.3.4.tgz"
    "version" "4.3.4"
    dependencies:
      "ms" "2.1.2"
  
  "decamelize@^1.0.0":
    "integrity" "sha512-z2S+W9X73hAUUki+N+9Za2lBlun89zigOyGrsax+KUQ6wKW4ZoWpEYBkGhQjwAjjDCkWxhY0VKEhk8wzY7F5cA=="
    "resolved" "https://registry.npmjs.org/decamelize/-/decamelize-1.2.0.tgz"
    "version" "1.2.0"
  
  "decode-uri-component@^0.2.0":
    "integrity" "sha512-hjf+xovcEn31w/EUYdTXQh/8smFL/dzYjohQGEIgjyNavaJfBY2p5F527Bo1VPATxv0VYTUC2bOcXvqFwk78Og=="
    "resolved" "https://registry.npmjs.org/decode-uri-component/-/decode-uri-component-0.2.0.tgz"
    "version" "0.2.0"
  
  "define-property@^0.2.5":
    "integrity" "sha512-Rr7ADjQZenceVOAKop6ALkkRAmH1A4Gx9hV/7ZujPUN2rkATqFO0JZLZInbAjpZYoJ1gUx8MRMQVkYemcbMSTA=="
    "resolved" "https://registry.npmjs.org/define-property/-/define-property-0.2.5.tgz"
    "version" "0.2.5"
    dependencies:
      "is-descriptor" "^0.1.0"
  
  "define-property@^1.0.0":
    "integrity" "sha512-cZTYKFWspt9jZsMscWo8sc/5lbPC9Q0N5nBLgb+Yd915iL3udB1uFgS3B8YCx66UVHq018DAVFoee7x+gxggeA=="
    "resolved" "https://registry.npmjs.org/define-property/-/define-property-1.0.0.tgz"
    "version" "1.0.0"
    dependencies:
      "is-descriptor" "^1.0.0"
  
  "define-property@^2.0.2":
    "integrity" "sha512-jwK2UV4cnPpbcG7+VRARKTZPUWowwXA8bzH5NP6ud0oeAxyYPuGZUAC7hMugpCdz4BeSZl2Dl9k66CHJ/46ZYQ=="
    "resolved" "https://registry.npmjs.org/define-property/-/define-property-2.0.2.tgz"
    "version" "2.0.2"
    dependencies:
      "is-descriptor" "^1.0.2"
      "isobject" "^3.0.1"
  
  "denque@^2.1.0":
    "integrity" "sha512-HVQE3AAb/pxF8fQAoiqpvg9i3evqug3hoiwakOyZAwJm+6vZehbkYXZ0l4JxS+I3QxM97v5aaRNhj8v5oBhekw=="
    "resolved" "https://registry.npmjs.org/denque/-/denque-2.1.0.tgz"
    "version" "2.1.0"
  
  "depd@2.0.0":
    "integrity" "sha512-g7nH6P6dyDioJogAAGprGpCtVImJhpPk/roCzdb3fIh61/s/nPsfR6onyMwkCAR/OlC3yBC0lESvUoQEAssIrw=="
    "resolved" "https://registry.npmjs.org/depd/-/depd-2.0.0.tgz"
    "version" "2.0.0"
  
  "destroy@1.2.0":
    "integrity" "sha512-2sJGJTaXIIaR1w4iJSNoN0hnMY7Gpc/n8D4qSCJw8QqFWXf7cuAgnEHxBpweaVcPevC2l3KpjYCx3NypQQgaJg=="
    "resolved" "https://registry.npmjs.org/destroy/-/destroy-1.2.0.tgz"
    "version" "1.2.0"
  
  "domain-browser@^1.1.1":
    "integrity" "sha512-jnjyiM6eRyZl2H+W8Q/zLMA481hzi0eszAaBUzIVnmYVDBbnLxVNnfu1HgEBvCbL+71FrxMl3E6lpKH7Ge3OXA=="
    "resolved" "https://registry.npmjs.org/domain-browser/-/domain-browser-1.2.0.tgz"
    "version" "1.2.0"
  
  "dotenv@^16.0.3":
    "integrity" "sha512-7GO6HghkA5fYG9TYnNxi14/7K9f5occMlp3zXAuSxn7CKCxt9xbNWG7yF8hTCSUchlfWSe3uLmlPfigevRItzQ=="
    "resolved" "https://registry.npmjs.org/dotenv/-/dotenv-16.0.3.tgz"
    "version" "16.0.3"
  
  "ee-first@1.1.1":
    "integrity" "sha512-WMwm9LhRUo+WUaRN+vRuETqG89IgZphVSNkdFgeb6sS/E4OrDIN7t48CAewSHXc6C8lefD8KKfr5vY61brQlow=="
    "resolved" "https://registry.npmjs.org/ee-first/-/ee-first-1.1.1.tgz"
    "version" "1.1.1"
  
  "emojis-list@^2.0.0":
    "integrity" "sha512-knHEZMgs8BB+MInokmNTg/OyPlAddghe1YBgNwJBc5zsJi/uyIcXoSDsL/W9ymOsBoBGdPIHXYJ9+qKFwRwDng=="
    "resolved" "https://registry.npmjs.org/emojis-list/-/emojis-list-2.1.0.tgz"
    "version" "2.1.0"
  
  "encodeurl@~1.0.2":
    "integrity" "sha512-TPJXq8JqFaVYm2CWmPvnP2Iyo4ZSM7/QKcSmuMLDObfpH5fi7RUGmd/rTDf+rut/saiDiQEeVTNgAmJEdAOx0w=="
    "resolved" "https://registry.npmjs.org/encodeurl/-/encodeurl-1.0.2.tgz"
    "version" "1.0.2"
  
  "enhanced-resolve@~0.9.0":
    "integrity" "sha512-kxpoMgrdtkXZ5h0SeraBS1iRntpTpQ3R8ussdb38+UAFnMGX5DDyJXePm+OCHOcoXvHDw7mc2erbJBpDnl7TPw=="
    "resolved" "https://registry.npmjs.org/enhanced-resolve/-/enhanced-resolve-0.9.1.tgz"
    "version" "0.9.1"
    dependencies:
      "graceful-fs" "^4.1.2"
      "memory-fs" "^0.2.0"
      "tapable" "^0.1.8"
  
  "errno@^0.1.3":
    "integrity" "sha512-dJ6oBr5SQ1VSd9qkk7ByRgb/1SH4JZjCHSW/mr63/QcXO9zLVxvJ6Oy13nio03rxpSnVDDjFor75SjVeZWPW/A=="
    "resolved" "https://registry.npmjs.org/errno/-/errno-0.1.8.tgz"
    "version" "0.1.8"
    dependencies:
      "prr" "~1.0.1"
  
  "escape-html@~1.0.3":
    "integrity" "sha512-NiSupZ4OeuGwr68lGIeym/ksIZMJodUGOSCZ/FSnTxcrekbvqrgdUxlJOMpijaKZVjAJrWrGs/6Jy8OMuyj9ow=="
    "resolved" "https://registry.npmjs.org/escape-html/-/escape-html-1.0.3.tgz"
    "version" "1.0.3"
  
  "etag@~1.8.1":
    "integrity" "sha512-aIL5Fx7mawVa300al2BnEE4iNvo1qETxLrPI/o05L7z6go7fCw1J6EQmbK4FmJ2AS7kgVF/KEZWufBfdClMcPg=="
    "resolved" "https://registry.npmjs.org/etag/-/etag-1.8.1.tgz"
    "version" "1.8.1"
  
  "events@^1.0.0":
    "integrity" "sha512-kEcvvCBByWXGnZy6JUlgAp2gBIUjfCAV6P6TgT1/aaQKcmuAEC4OZTV1I4EWQLz2gxZw76atuVyvHhTxvi0Flw=="
    "resolved" "https://registry.npmjs.org/events/-/events-1.1.1.tgz"
    "version" "1.1.1"
  
  "expand-brackets@^0.1.4":
    "integrity" "sha512-hxx03P2dJxss6ceIeri9cmYOT4SRs3Zk3afZwWpOsRqLqprhTR8u++SlC+sFGsQr7WGFPdMF7Gjc1njDLDK6UA=="
    "resolved" "https://registry.npmjs.org/expand-brackets/-/expand-brackets-0.1.5.tgz"
    "version" "0.1.5"
    dependencies:
      "is-posix-bracket" "^0.1.0"
  
  "expand-brackets@^2.1.4":
    "integrity" "sha512-w/ozOKR9Obk3qoWeY/WDi6MFta9AoMR+zud60mdnbniMcBxRuFJyDt2LdX/14A1UABeqk+Uk+LDfUpvoGKppZA=="
    "resolved" "https://registry.npmjs.org/expand-brackets/-/expand-brackets-2.1.4.tgz"
    "version" "2.1.4"
    dependencies:
      "debug" "^2.3.3"
      "define-property" "^0.2.5"
      "extend-shallow" "^2.0.1"
      "posix-character-classes" "^0.1.0"
      "regex-not" "^1.0.0"
      "snapdragon" "^0.8.1"
      "to-regex" "^3.0.1"
  
  "expand-range@^1.8.1":
    "integrity" "sha512-AFASGfIlnIbkKPQwX1yHaDjFvh/1gyKJODme52V6IORh69uEYgZp0o9C+qsIGNVEiuuhQU0CSSl++Rlegg1qvA=="
    "resolved" "https://registry.npmjs.org/expand-range/-/expand-range-1.8.2.tgz"
    "version" "1.8.2"
    dependencies:
      "fill-range" "^2.1.0"
  
  "express@^4.18.1":
    "integrity" "sha512-zZBcOX9TfehHQhtupq57OF8lFZ3UZi08Y97dwFCkD8p9d/d2Y3M+ykKcwaMDEL+4qyUolgBDX6AblpR3fL212Q=="
    "resolved" "https://registry.npmjs.org/express/-/express-4.18.1.tgz"
    "version" "4.18.1"
    dependencies:
      "accepts" "~1.3.8"
      "array-flatten" "1.1.1"
      "body-parser" "1.20.0"
      "content-disposition" "0.5.4"
      "content-type" "~1.0.4"
      "cookie" "0.5.0"
      "cookie-signature" "1.0.6"
      "debug" "2.6.9"
      "depd" "2.0.0"
      "encodeurl" "~1.0.2"
      "escape-html" "~1.0.3"
      "etag" "~1.8.1"
      "finalhandler" "1.2.0"
      "fresh" "0.5.2"
      "http-errors" "2.0.0"
      "merge-descriptors" "1.0.1"
      "methods" "~1.1.2"
      "on-finished" "2.4.1"
      "parseurl" "~1.3.3"
      "path-to-regexp" "0.1.7"
      "proxy-addr" "~2.0.7"
      "qs" "6.10.3"
      "range-parser" "~1.2.1"
      "safe-buffer" "5.2.1"
      "send" "0.18.0"
      "serve-static" "1.15.0"
      "setprototypeof" "1.2.0"
      "statuses" "2.0.1"
      "type-is" "~1.6.18"
      "utils-merge" "1.0.1"
      "vary" "~1.1.2"
  
  "extend-shallow@^2.0.1":
    "integrity" "sha512-zCnTtlxNoAiDc3gqY2aYAWFx7XWWiasuF2K8Me5WbN8otHKTUKBwjPtNpRs/rbUZm7KxWAaNj7P1a/p52GbVug=="
    "resolved" "https://registry.npmjs.org/extend-shallow/-/extend-shallow-2.0.1.tgz"
    "version" "2.0.1"
    dependencies:
      "is-extendable" "^0.1.0"
  
  "extend-shallow@^3.0.0", "extend-shallow@^3.0.2":
    "integrity" "sha512-BwY5b5Ql4+qZoefgMj2NUmx+tehVTH/Kf4k1ZEtOHNFcm2wSxMRo992l6X3TIgni2eZVTZ85xMOjF31fwZAj6Q=="
    "resolved" "https://registry.npmjs.org/extend-shallow/-/extend-shallow-3.0.2.tgz"
    "version" "3.0.2"
    dependencies:
      "assign-symbols" "^1.0.0"
      "is-extendable" "^1.0.1"
  
  "extglob@^0.3.1":
    "integrity" "sha512-1FOj1LOwn42TMrruOHGt18HemVnbwAmAak7krWk+wa93KXxGbK+2jpezm+ytJYDaBX0/SPLZFHKM7m+tKobWGg=="
    "resolved" "https://registry.npmjs.org/extglob/-/extglob-0.3.2.tgz"
    "version" "0.3.2"
    dependencies:
      "is-extglob" "^1.0.0"
  
  "extglob@^2.0.4":
    "integrity" "sha512-Nmb6QXkELsuBr24CJSkilo6UHHgbekK5UiZgfE6UHD3Eb27YC6oD+bhcT+tJ6cl8dmsgdQxnWlcry8ksBIBLpw=="
    "resolved" "https://registry.npmjs.org/extglob/-/extglob-2.0.4.tgz"
    "version" "2.0.4"
    dependencies:
      "array-unique" "^0.3.2"
      "define-property" "^1.0.0"
      "expand-brackets" "^2.1.4"
      "extend-shallow" "^2.0.1"
      "fragment-cache" "^0.2.1"
      "regex-not" "^1.0.0"
      "snapdragon" "^0.8.1"
      "to-regex" "^3.0.1"
  
  "filename-regex@^2.0.0":
    "integrity" "sha512-BTCqyBaWBTsauvnHiE8i562+EdJj+oUpkqWp2R1iCoR8f6oo8STRu3of7WJJ0TqWtxN50a5YFpzYK4Jj9esYfQ=="
    "resolved" "https://registry.npmjs.org/filename-regex/-/filename-regex-2.0.1.tgz"
    "version" "2.0.1"
  
  "fill-range@^2.1.0":
    "integrity" "sha512-cnrcCbj01+j2gTG921VZPnHbjmdAf8oQV/iGeV2kZxGSyfYjjTyY79ErsK1WJWMpw6DaApEX72binqJE+/d+5Q=="
    "resolved" "https://registry.npmjs.org/fill-range/-/fill-range-2.2.4.tgz"
    "version" "2.2.4"
    dependencies:
      "is-number" "^2.1.0"
      "isobject" "^2.0.0"
      "randomatic" "^3.0.0"
      "repeat-element" "^1.1.2"
      "repeat-string" "^1.5.2"
  
  "fill-range@^4.0.0":
    "integrity" "sha512-VcpLTWqWDiTerugjj8e3+esbg+skS3M9e54UuR3iCeIDMXCLTsAH8hTSzDQU/X6/6t3eYkOKoZSef2PlU6U1XQ=="
    "resolved" "https://registry.npmjs.org/fill-range/-/fill-range-4.0.0.tgz"
    "version" "4.0.0"
    dependencies:
      "extend-shallow" "^2.0.1"
      "is-number" "^3.0.0"
      "repeat-string" "^1.6.1"
      "to-regex-range" "^2.1.0"
  
  "fill-range@^7.0.1":
    "integrity" "sha512-qOo9F+dMUmC2Lcb4BbVvnKJxTPjCm+RRpe4gDuGrzkL7mEVl/djYSu2OdQ2Pa302N4oqkSg9ir6jaLWJ2USVpQ=="
    "resolved" "https://registry.npmjs.org/fill-range/-/fill-range-7.0.1.tgz"
    "version" "7.0.1"
    dependencies:
      "to-regex-range" "^5.0.1"
  
  "finalhandler@1.2.0":
    "integrity" "sha512-5uXcUVftlQMFnWC9qu/svkWv3GTd2PfUhK/3PLkYNAe7FbqJMt3515HaxE6eRL74GdsriiwujiawdaB1BpEISg=="
    "resolved" "https://registry.npmjs.org/finalhandler/-/finalhandler-1.2.0.tgz"
    "version" "1.2.0"
    dependencies:
      "debug" "2.6.9"
      "encodeurl" "~1.0.2"
      "escape-html" "~1.0.3"
      "on-finished" "2.4.1"
      "parseurl" "~1.3.3"
      "statuses" "2.0.1"
      "unpipe" "~1.0.0"
  
  "for-in@^1.0.1", "for-in@^1.0.2":
    "integrity" "sha512-7EwmXrOjyL+ChxMhmG5lnW9MPt1aIeZEwKhQzoBUdTV0N3zuwWDZYVJatDvZ2OyzPUvdIAZDsCetk3coyMfcnQ=="
    "resolved" "https://registry.npmjs.org/for-in/-/for-in-1.0.2.tgz"
    "version" "1.0.2"
  
  "for-own@^0.1.4":
    "integrity" "sha512-SKmowqGTJoPzLO1T0BBJpkfp3EMacCMOuH40hOUbrbzElVktk4DioXVM99QkLCyKoiuOmyjgcWMpVz2xjE7LZw=="
    "resolved" "https://registry.npmjs.org/for-own/-/for-own-0.1.5.tgz"
    "version" "0.1.5"
    dependencies:
      "for-in" "^1.0.1"
  
  "forwarded@0.2.0":
    "integrity" "sha512-buRG0fpBtRHSTCOASe6hD258tEubFoRLb4ZNA6NxMVHNw2gOcwHo9wyablzMzOA5z9xA9L1KNjk/Nt6MT9aYow=="
    "resolved" "https://registry.npmjs.org/forwarded/-/forwarded-0.2.0.tgz"
    "version" "0.2.0"
  
  "fragment-cache@^0.2.1":
    "integrity" "sha512-GMBAbW9antB8iZRHLoGw0b3HANt57diZYFO/HL1JGIC1MjKrdmhxvrJbupnVvpys0zsz7yBApXdQyfepKly2kA=="
    "resolved" "https://registry.npmjs.org/fragment-cache/-/fragment-cache-0.2.1.tgz"
    "version" "0.2.1"
    dependencies:
      "map-cache" "^0.2.2"
  
  "fresh@0.5.2":
    "integrity" "sha512-zJ2mQYM18rEFOudeV4GShTGIQ7RbzA7ozbU9I/XBpm7kqgMywgmylMwXHxZJmkVoYkna9d2pVXVXPdYTP9ej8Q=="
    "resolved" "https://registry.npmjs.org/fresh/-/fresh-0.5.2.tgz"
    "version" "0.5.2"
  
  "function-bind@^1.1.1":
    "integrity" "sha512-yIovAzMX49sF8Yl58fSCWJ5svSLuaibPxXQJFLmBObTuCr0Mf1KiPopGM9NiFjiYBCbfaa2Fh6breQ6ANVTI0A=="
    "resolved" "https://registry.npmjs.org/function-bind/-/function-bind-1.1.1.tgz"
    "version" "1.1.1"
  
  "get-intrinsic@^1.0.2":
    "integrity" "sha512-QJVz1Tj7MS099PevUG5jvnt9tSkXN8K14dxQlikJuPt4uD9hHAHjLyLBiLR5zELelBdD9QNRAXZzsJx0WaDL9A=="
    "resolved" "https://registry.npmjs.org/get-intrinsic/-/get-intrinsic-1.1.3.tgz"
    "version" "1.1.3"
    dependencies:
      "function-bind" "^1.1.1"
      "has" "^1.0.3"
      "has-symbols" "^1.0.3"
  
  "get-value@^2.0.3", "get-value@^2.0.6":
    "integrity" "sha512-Ln0UQDlxH1BapMu3GPtf7CuYNwRZf2gwCuPqbyG6pB8WfmFpzqcy4xtAaAMUhnNqjMKTiCPZG2oMT3YSx8U2NA=="
    "resolved" "https://registry.npmjs.org/get-value/-/get-value-2.0.6.tgz"
    "version" "2.0.6"
  
  "glob-base@^0.3.0":
    "integrity" "sha512-ab1S1g1EbO7YzauaJLkgLp7DZVAqj9M/dvKlTt8DkXA2tiOIcSMrlVI2J1RZyB5iJVccEscjGn+kpOG9788MHA=="
    "resolved" "https://registry.npmjs.org/glob-base/-/glob-base-0.3.0.tgz"
    "version" "0.3.0"
    dependencies:
      "glob-parent" "^2.0.0"
      "is-glob" "^2.0.0"
  
  "glob-parent@^2.0.0":
    "integrity" "sha512-JDYOvfxio/t42HKdxkAYaCiBN7oYiuxykOxKxdaUW5Qn0zaYN3gRQWolrwdnf0shM9/EP0ebuuTmyoXNr1cC5w=="
    "resolved" "https://registry.npmjs.org/glob-parent/-/glob-parent-2.0.0.tgz"
    "version" "2.0.0"
    dependencies:
      "is-glob" "^2.0.0"
  
  "glob-parent@~5.1.2":
    "integrity" "sha512-AOIgSQCepiJYwP3ARnGx+5VnTu2HBYdzbGP45eLw1vr3zB3vZLeyed1sC9hnbcOc9/SrMyM5RPQrkGz4aS9Zow=="
    "resolved" "https://registry.npmjs.org/glob-parent/-/glob-parent-5.1.2.tgz"
    "version" "5.1.2"
    dependencies:
      "is-glob" "^4.0.1"
  
  "graceful-fs@^4.1.11", "graceful-fs@^4.1.2":
    "integrity" "sha512-9ByhssR2fPVsNZj478qUUbKfmL0+t5BDVyjShtyZZLiK7ZDAArFFfopyOTj0M05wE2tJPisA4iTnnXl2YoPvOA=="
    "resolved" "https://registry.npmjs.org/graceful-fs/-/graceful-fs-4.2.10.tgz"
    "version" "4.2.10"
  
  "has-flag@^1.0.0":
    "integrity" "sha512-DyYHfIYwAJmjAjSSPKANxI8bFY9YtFrgkAfinBojQ8YJTOuOuav64tMUJv584SES4xl74PmuaevIyaLESHdTAA=="
    "resolved" "https://registry.npmjs.org/has-flag/-/has-flag-1.0.0.tgz"
    "version" "1.0.0"
  
  "has-flag@^3.0.0":
    "integrity" "sha512-sKJf1+ceQBr4SMkvQnBDNDtf4TXpVhVGateu0t918bl30FnbE2m4vNLX+VWe/dpjlb+HugGYzW7uQXH98HPEYw=="
    "resolved" "https://registry.npmjs.org/has-flag/-/has-flag-3.0.0.tgz"
    "version" "3.0.0"
  
  "has-symbols@^1.0.3":
    "integrity" "sha512-l3LCuF6MgDNwTDKkdYGEihYjt5pRPbEg46rtlmnSPlUbgmB8LOIrKJbYYFBSbnPaJexMKtiPO8hmeRjRz2Td+A=="
    "resolved" "https://registry.npmjs.org/has-symbols/-/has-symbols-1.0.3.tgz"
    "version" "1.0.3"
  
  "has-value@^0.3.1":
    "integrity" "sha512-gpG936j8/MzaeID5Yif+577c17TxaDmhuyVgSwtnL/q8UUTySg8Mecb+8Cf1otgLoD7DDH75axp86ER7LFsf3Q=="
    "resolved" "https://registry.npmjs.org/has-value/-/has-value-0.3.1.tgz"
    "version" "0.3.1"
    dependencies:
      "get-value" "^2.0.3"
      "has-values" "^0.1.4"
      "isobject" "^2.0.0"
  
  "has-value@^1.0.0":
    "integrity" "sha512-IBXk4GTsLYdQ7Rvt+GRBrFSVEkmuOUy4re0Xjd9kJSUQpnTrWR4/y9RpfexN9vkAPMFuQoeWKwqzPozRTlasGw=="
    "resolved" "https://registry.npmjs.org/has-value/-/has-value-1.0.0.tgz"
    "version" "1.0.0"
    dependencies:
      "get-value" "^2.0.6"
      "has-values" "^1.0.0"
      "isobject" "^3.0.0"
  
  "has-values@^0.1.4":
    "integrity" "sha512-J8S0cEdWuQbqD9//tlZxiMuMNmxB8PlEwvYwuxsTmR1G5RXUePEX/SJn7aD0GMLieuZYSwNH0cQuJGwnYunXRQ=="
    "resolved" "https://registry.npmjs.org/has-values/-/has-values-0.1.4.tgz"
    "version" "0.1.4"
  
  "has-values@^1.0.0":
    "integrity" "sha512-ODYZC64uqzmtfGMEAX/FvZiRyWLpAC3vYnNunURUnkGVTS+mI0smVsWaPydRBsE3g+ok7h960jChO8mFcWlHaQ=="
    "resolved" "https://registry.npmjs.org/has-values/-/has-values-1.0.0.tgz"
    "version" "1.0.0"
    dependencies:
      "is-number" "^3.0.0"
      "kind-of" "^4.0.0"
  
  "has@^1.0.3":
    "integrity" "sha512-f2dvO0VU6Oej7RkWJGrehjbzMAjFp5/VKPp5tTpWIV4JHHZK1/BxbFRtf/siA2SWTe09caDmVtYYzWEIbBS4zw=="
    "resolved" "https://registry.npmjs.org/has/-/has-1.0.3.tgz"
    "version" "1.0.3"
    dependencies:
      "function-bind" "^1.1.1"
  
  "http-browserify@^1.3.2":
    "integrity" "sha512-Irf/LJXmE3cBzU1eaR4+NEX6bmVLqt1wkmDiA7kBwH7zmb0D8kBAXsDmQ88hhj/qv9iEZKlyGx/hrMcFi8sOHw=="
    "resolved" "https://registry.npmjs.org/http-browserify/-/http-browserify-1.7.0.tgz"
    "version" "1.7.0"
    dependencies:
      "Base64" "~0.2.0"
      "inherits" "~2.0.1"
  
  "http-errors@2.0.0":
    "integrity" "sha512-FtwrG/euBzaEjYeRqOgly7G0qviiXoJWnvEH2Z1plBdXgbyjv34pHTSb9zoeHMyDy33+DWy5Wt9Wo+TURtOYSQ=="
    "resolved" "https://registry.npmjs.org/http-errors/-/http-errors-2.0.0.tgz"
    "version" "2.0.0"
    dependencies:
      "depd" "2.0.0"
      "inherits" "2.0.4"
      "setprototypeof" "1.2.0"
      "statuses" "2.0.1"
      "toidentifier" "1.0.1"
  
  "https-browserify@0.0.0":
    "integrity" "sha512-Oi/+VdxLQWp0BcNMAMTXlA/X1r8dzCdhq5ngF6+JTWmCSrRpnq8/OrMk/ZVFEe+5m/gM4+nLqcK9qjNLVvnzvw=="
    "resolved" "https://registry.npmjs.org/https-browserify/-/https-browserify-0.0.0.tgz"
    "version" "0.0.0"
  
  "iconv-lite@0.4.24":
    "integrity" "sha512-v3MXnZAcvnywkTUEZomIActle7RXXeedOR31wwl7VlyoXO4Qi9arvSenNQWne1TcRwhCL1HwLI21bEqdpj8/rA=="
    "resolved" "https://registry.npmjs.org/iconv-lite/-/iconv-lite-0.4.24.tgz"
    "version" "0.4.24"
    dependencies:
      "safer-buffer" ">= 2.1.2 < 3"
  
  "ieee754@^1.1.13", "ieee754@^1.1.4":
    "integrity" "sha512-dcyqhDvX1C46lXZcVqCpK+FtMRQVdIMN6/Df5js2zouUsqG7I6sFxitIC+7KYK29KdXOLHdu9zL4sFnoVQnqaA=="
    "resolved" "https://registry.npmjs.org/ieee754/-/ieee754-1.2.1.tgz"
    "version" "1.2.1"
  
  "ignore-by-default@^1.0.1":
    "integrity" "sha512-Ius2VYcGNk7T90CppJqcIkS5ooHUZyIQK+ClZfMfMNFEF9VSE73Fq+906u/CWu92x4gzZMWOwfFYckPObzdEbA=="
    "resolved" "https://registry.npmjs.org/ignore-by-default/-/ignore-by-default-1.0.1.tgz"
    "version" "1.0.1"
  
  "indexof@0.0.1":
    "integrity" "sha512-i0G7hLJ1z0DE8dsqJa2rycj9dBmNKgXBvotXtZYXakU9oivfB9Uj2ZBC27qqef2U58/ZLwalxa1X/RDCdkHtVg=="
    "resolved" "https://registry.npmjs.org/indexof/-/indexof-0.0.1.tgz"
    "version" "0.0.1"
  
  "inherits@^2.0.1", "inherits@~2.0.1", "inherits@~2.0.3", "inherits@2.0.4":
    "integrity" "sha512-k/vGaX4/Yla3WzyMCvTQOXYeIHvqOKtnqBduzTHpzpQZzAskKMhZ2K+EnBiSM9zGSoIFeMpXKxa4dYeZIQqewQ=="
    "resolved" "https://registry.npmjs.org/inherits/-/inherits-2.0.4.tgz"
    "version" "2.0.4"
  
  "inherits@2.0.1":
    "integrity" "sha512-8nWq2nLTAwd02jTqJExUYFSD/fKq6VH9Y/oG2accc/kdI0V98Bag8d5a4gi3XHz73rDWa2PvTtvcWYquKqSENA=="
    "resolved" "https://registry.npmjs.org/inherits/-/inherits-2.0.1.tgz"
    "version" "2.0.1"
  
  "inherits@2.0.3":
    "integrity" "sha512-x00IRNXNy63jwGkJmzPigoySHbaqpNuzKbBOmzK+g2OdZpQ9w+sxCN+VSB3ja7IAge2OP2qpfxTjeNcyjmW1uw=="
    "resolved" "https://registry.npmjs.org/inherits/-/inherits-2.0.3.tgz"
    "version" "2.0.3"
  
  "interpret@^0.6.4":
    "integrity" "sha512-Vg6X07U0AOZb4HF6CWHa+jnJU8j71buKQ9Pc0C75qBXgvCYbxWBkGo4jnTS3O0MIc9FZtt0mB7h+uclojqdw1Q=="
    "resolved" "https://registry.npmjs.org/interpret/-/interpret-0.6.6.tgz"
    "version" "0.6.6"
  
  "ip@^2.0.0":
    "integrity" "sha512-WKa+XuLG1A1R0UWhl2+1XQSi+fZWMsYKffMZTTYsiZaUD8k2yDAj5atimTUD2TZkyCkNEeYE5NhFZmupOGtjYQ=="
    "resolved" "https://registry.npmjs.org/ip/-/ip-2.0.0.tgz"
    "version" "2.0.0"
  
  "ipaddr.js@1.9.1":
    "integrity" "sha512-0KI/607xoxSToH7GjN1FfSbLoU0+btTicjsQSWQlh/hZykN8KpmMf7uYwPW3R+akZ6R/w18ZlXSHBYXiYUPO3g=="
    "resolved" "https://registry.npmjs.org/ipaddr.js/-/ipaddr.js-1.9.1.tgz"
    "version" "1.9.1"
  
  "is-accessor-descriptor@^0.1.6":
    "integrity" "sha512-e1BM1qnDbMRG3ll2U9dSK0UMHuWOs3pY3AtcFsmvwPtKL3MML/Q86i+GilLfvqEs4GW+ExB91tQ3Ig9noDIZ+A=="
    "resolved" "https://registry.npmjs.org/is-accessor-descriptor/-/is-accessor-descriptor-0.1.6.tgz"
    "version" "0.1.6"
    dependencies:
      "kind-of" "^3.0.2"
  
  "is-accessor-descriptor@^1.0.0":
    "integrity" "sha512-m5hnHTkcVsPfqx3AKlyttIPb7J+XykHvJP2B9bZDjlhLIoEq4XoK64Vg7boZlVWYK6LUY94dYPEE7Lh0ZkZKcQ=="
    "resolved" "https://registry.npmjs.org/is-accessor-descriptor/-/is-accessor-descriptor-1.0.0.tgz"
    "version" "1.0.0"
    dependencies:
      "kind-of" "^6.0.0"
  
  "is-binary-path@^1.0.0":
    "integrity" "sha512-9fRVlXc0uCxEDj1nQzaWONSpbTfx0FmJfzHF7pwlI8DkWGoHBBea4Pg5Ky0ojwwxQmnSifgbKkI06Qv0Ljgj+Q=="
    "resolved" "https://registry.npmjs.org/is-binary-path/-/is-binary-path-1.0.1.tgz"
    "version" "1.0.1"
    dependencies:
      "binary-extensions" "^1.0.0"
  
  "is-binary-path@~2.1.0":
    "integrity" "sha512-ZMERYes6pDydyuGidse7OsHxtbI7WVeUEozgR/g7rd0xUimYNlvZRE/K2MgZTjWy725IfelLeVcEM97mmtRGXw=="
    "resolved" "https://registry.npmjs.org/is-binary-path/-/is-binary-path-2.1.0.tgz"
    "version" "2.1.0"
    dependencies:
      "binary-extensions" "^2.0.0"
  
  "is-buffer@^1.1.5":
    "integrity" "sha512-NcdALwpXkTm5Zvvbk7owOUSvVvBKDgKP5/ewfXEznmQFfs4ZRmanOeKBTjRVjka3QFoN6XJ+9F3USqfHqTaU5w=="
    "resolved" "https://registry.npmjs.org/is-buffer/-/is-buffer-1.1.6.tgz"
    "version" "1.1.6"
  
  "is-data-descriptor@^0.1.4":
    "integrity" "sha512-+w9D5ulSoBNlmw9OHn3U2v51SyoCd0he+bB3xMl62oijhrspxowjU+AIcDY0N3iEJbUEkB15IlMASQsxYigvXg=="
    "resolved" "https://registry.npmjs.org/is-data-descriptor/-/is-data-descriptor-0.1.4.tgz"
    "version" "0.1.4"
    dependencies:
      "kind-of" "^3.0.2"
  
  "is-data-descriptor@^1.0.0":
    "integrity" "sha512-jbRXy1FmtAoCjQkVmIVYwuuqDFUbaOeDjmed1tOGPrsMhtJA4rD9tkgA0F1qJ3gRFRXcHYVkdeaP50Q5rE/jLQ=="
    "resolved" "https://registry.npmjs.org/is-data-descriptor/-/is-data-descriptor-1.0.0.tgz"
    "version" "1.0.0"
    dependencies:
      "kind-of" "^6.0.0"
  
  "is-descriptor@^0.1.0":
    "integrity" "sha512-avDYr0SB3DwO9zsMov0gKCESFYqCnE4hq/4z3TdUlukEy5t9C0YRq7HLrsN52NAcqXKaepeCD0n+B0arnVG3Hg=="
    "resolved" "https://registry.npmjs.org/is-descriptor/-/is-descriptor-0.1.6.tgz"
    "version" "0.1.6"
    dependencies:
      "is-accessor-descriptor" "^0.1.6"
      "is-data-descriptor" "^0.1.4"
      "kind-of" "^5.0.0"
  
  "is-descriptor@^1.0.0", "is-descriptor@^1.0.2":
    "integrity" "sha512-2eis5WqQGV7peooDyLmNEPUrps9+SXX5c9pL3xEB+4e9HnGuDa7mB7kHxHw4CbqS9k1T2hOH3miL8n8WtiYVtg=="
    "resolved" "https://registry.npmjs.org/is-descriptor/-/is-descriptor-1.0.2.tgz"
    "version" "1.0.2"
    dependencies:
      "is-accessor-descriptor" "^1.0.0"
      "is-data-descriptor" "^1.0.0"
      "kind-of" "^6.0.2"
  
  "is-dotfile@^1.0.0":
    "integrity" "sha512-9YclgOGtN/f8zx0Pr4FQYMdibBiTaH3sn52vjYip4ZSf6C4/6RfTEZ+MR4GvKhCxdPh21Bg42/WL55f6KSnKpg=="
    "resolved" "https://registry.npmjs.org/is-dotfile/-/is-dotfile-1.0.3.tgz"
    "version" "1.0.3"
  
  "is-equal-shallow@^0.1.3":
    "integrity" "sha512-0EygVC5qPvIyb+gSz7zdD5/AAoS6Qrx1e//6N4yv4oNm30kqvdmG66oZFWVlQHUWe5OjP08FuTw2IdT0EOTcYA=="
    "resolved" "https://registry.npmjs.org/is-equal-shallow/-/is-equal-shallow-0.1.3.tgz"
    "version" "0.1.3"
    dependencies:
      "is-primitive" "^2.0.0"
  
  "is-extendable@^0.1.0", "is-extendable@^0.1.1":
    "integrity" "sha512-5BMULNob1vgFX6EjQw5izWDxrecWK9AM72rugNr0TFldMOi0fj6Jk+zeKIt0xGj4cEfQIJth4w3OKWOJ4f+AFw=="
    "resolved" "https://registry.npmjs.org/is-extendable/-/is-extendable-0.1.1.tgz"
    "version" "0.1.1"
  
  "is-extendable@^1.0.1":
    "integrity" "sha512-arnXMxT1hhoKo9k1LZdmlNyJdDDfy2v0fXjFlmok4+i8ul/6WlbVge9bhM74OpNPQPMGUToDtz+KXa1PneJxOA=="
    "resolved" "https://registry.npmjs.org/is-extendable/-/is-extendable-1.0.1.tgz"
    "version" "1.0.1"
    dependencies:
      "is-plain-object" "^2.0.4"
  
  "is-extglob@^1.0.0":
    "integrity" "sha512-7Q+VbVafe6x2T+Tu6NcOf6sRklazEPmBoB3IWk3WdGZM2iGUwU/Oe3Wtq5lSEkDTTlpp8yx+5t4pzO/i9Ty1ww=="
    "resolved" "https://registry.npmjs.org/is-extglob/-/is-extglob-1.0.0.tgz"
    "version" "1.0.0"
  
  "is-extglob@^2.1.1":
    "integrity" "sha512-SbKbANkN603Vi4jEZv49LeVJMn4yGwsbzZworEoyEiutsN3nJYdbO36zfhGJ6QEDpOZIFkDtnq5JRxmvl3jsoQ=="
    "resolved" "https://registry.npmjs.org/is-extglob/-/is-extglob-2.1.1.tgz"
    "version" "2.1.1"
  
  "is-glob@^2.0.0":
    "integrity" "sha512-a1dBeB19NXsf/E0+FHqkagizel/LQw2DjSQpvQrj3zT+jYPpaUCryPnrQajXKFLCMuf4I6FhRpaGtw4lPrG6Eg=="
    "resolved" "https://registry.npmjs.org/is-glob/-/is-glob-2.0.1.tgz"
    "version" "2.0.1"
    dependencies:
      "is-extglob" "^1.0.0"
  
  "is-glob@^2.0.1":
    "integrity" "sha512-a1dBeB19NXsf/E0+FHqkagizel/LQw2DjSQpvQrj3zT+jYPpaUCryPnrQajXKFLCMuf4I6FhRpaGtw4lPrG6Eg=="
    "resolved" "https://registry.npmjs.org/is-glob/-/is-glob-2.0.1.tgz"
    "version" "2.0.1"
    dependencies:
      "is-extglob" "^1.0.0"
  
  "is-glob@^4.0.1", "is-glob@~4.0.1":
    "integrity" "sha512-xelSayHH36ZgE7ZWhli7pW34hNbNl8Ojv5KVmkJD4hBdD3th8Tfk9vYasLM+mXWOZhFkgZfxhLSnrwRr4elSSg=="
    "resolved" "https://registry.npmjs.org/is-glob/-/is-glob-4.0.3.tgz"
    "version" "4.0.3"
    dependencies:
      "is-extglob" "^2.1.1"
  
  "is-number@^2.1.0":
    "integrity" "sha512-QUzH43Gfb9+5yckcrSA0VBDwEtDUchrk4F6tfJZQuNzDJbEDB9cZNzSfXGQ1jqmdDY/kl41lUOWM9syA8z8jlg=="
    "resolved" "https://registry.npmjs.org/is-number/-/is-number-2.1.0.tgz"
    "version" "2.1.0"
    dependencies:
      "kind-of" "^3.0.2"
  
  "is-number@^3.0.0":
    "integrity" "sha512-4cboCqIpliH+mAvFNegjZQ4kgKc3ZUhQVr3HvWbSh5q3WH2v82ct+T2Y1hdU5Gdtorx/cLifQjqCbL7bpznLTg=="
    "resolved" "https://registry.npmjs.org/is-number/-/is-number-3.0.0.tgz"
    "version" "3.0.0"
    dependencies:
      "kind-of" "^3.0.2"
  
  "is-number@^4.0.0":
    "integrity" "sha512-rSklcAIlf1OmFdyAqbnWTLVelsQ58uvZ66S/ZyawjWqIviTWCjg2PzVGw8WUA+nNuPTqb4wgA+NszrJ+08LlgQ=="
    "resolved" "https://registry.npmjs.org/is-number/-/is-number-4.0.0.tgz"
    "version" "4.0.0"
  
  "is-number@^7.0.0":
    "integrity" "sha512-41Cifkg6e8TylSpdtTpeLVMqvSBEVzTttHvERD741+pnZ8ANv0004MRL43QKPDlK9cGvNp6NZWZUBlbGXYxxng=="
    "resolved" "https://registry.npmjs.org/is-number/-/is-number-7.0.0.tgz"
    "version" "7.0.0"
  
  "is-plain-object@^2.0.3", "is-plain-object@^2.0.4":
    "integrity" "sha512-h5PpgXkWitc38BBMYawTYMWJHFZJVnBquFE57xFpjB8pJFiF6gZ+bU+WyI/yqXiFR5mdLsgYNaPe8uao6Uv9Og=="
    "resolved" "https://registry.npmjs.org/is-plain-object/-/is-plain-object-2.0.4.tgz"
    "version" "2.0.4"
    dependencies:
      "isobject" "^3.0.1"
  
  "is-posix-bracket@^0.1.0":
    "integrity" "sha512-Yu68oeXJ7LeWNmZ3Zov/xg/oDBnBK2RNxwYY1ilNJX+tKKZqgPK+qOn/Gs9jEu66KDY9Netf5XLKNGzas/vPfQ=="
    "resolved" "https://registry.npmjs.org/is-posix-bracket/-/is-posix-bracket-0.1.1.tgz"
    "version" "0.1.1"
  
  "is-primitive@^2.0.0":
    "integrity" "sha512-N3w1tFaRfk3UrPfqeRyD+GYDASU3W5VinKhlORy8EWVf/sIdDL9GAcew85XmktCfH+ngG7SRXEVDoO18WMdB/Q=="
    "resolved" "https://registry.npmjs.org/is-primitive/-/is-primitive-2.0.0.tgz"
    "version" "2.0.0"
  
  "is-windows@^1.0.2":
    "integrity" "sha512-eXK1UInq2bPmjyX6e3VHIzMLobc4J94i4AWn+Hpq3OU5KkrRC96OAcR3PRJ/pGu6m8TRnBHP9dkXQVsT/COVIA=="
    "resolved" "https://registry.npmjs.org/is-windows/-/is-windows-1.0.2.tgz"
    "version" "1.0.2"
  
  "isarray@^1.0.0", "isarray@~1.0.0", "isarray@1.0.0":
    "integrity" "sha512-VLghIWNM6ELQzo7zwmcg0NmTVyWKYjvIeM83yjp0wRDTmUnrM678fQbcKBo6n2CJEF0szoG//ytg+TKla89ALQ=="
    "resolved" "https://registry.npmjs.org/isarray/-/isarray-1.0.0.tgz"
    "version" "1.0.0"
  
  "isarray@0.0.1":
    "integrity" "sha512-D2S+3GLxWH+uhrNEcoh/fnmYeP8E8/zHl644d/jdA0g2uyXvy3sb0qxotE+ne0LtccHknQzWwZEzhak7oJ0COQ=="
    "resolved" "https://registry.npmjs.org/isarray/-/isarray-0.0.1.tgz"
    "version" "0.0.1"
  
  "isobject@^2.0.0":
    "integrity" "sha512-+OUdGJlgjOBZDfxnDjYYG6zp487z0JGNQq3cYQYg5f5hKR+syHMsaztzGeml/4kGG55CSpKSpWTY+jYGgsHLgA=="
    "resolved" "https://registry.npmjs.org/isobject/-/isobject-2.1.0.tgz"
    "version" "2.1.0"
    dependencies:
      "isarray" "1.0.0"
  
  "isobject@^3.0.0":
    "integrity" "sha512-WhB9zCku7EGTj/HQQRz5aUQEUeoQZH2bWcltRErOpymJ4boYE6wL9Tbr23krRPSZ+C5zqNSrSw+Cc7sZZ4b7vg=="
    "resolved" "https://registry.npmjs.org/isobject/-/isobject-3.0.1.tgz"
    "version" "3.0.1"
  
  "isobject@^3.0.1":
    "integrity" "sha512-WhB9zCku7EGTj/HQQRz5aUQEUeoQZH2bWcltRErOpymJ4boYE6wL9Tbr23krRPSZ+C5zqNSrSw+Cc7sZZ4b7vg=="
    "resolved" "https://registry.npmjs.org/isobject/-/isobject-3.0.1.tgz"
    "version" "3.0.1"
  
  "jquery@^3.1.1":
    "integrity" "sha512-opJeO4nCucVnsjiXOE+/PcCgYw9Gwpvs/a6B1LL/lQhwWwpbVEVYDZ1FokFr8PRc7ghYlrFPuyHuiiDNTQxmcw=="
    "resolved" "https://registry.npmjs.org/jquery/-/jquery-3.6.1.tgz"
    "version" "3.6.1"
  
  "json5@^0.5.0":
    "integrity" "sha512-4xrs1aW+6N5DalkqSVA8fxh458CXvR99WU8WLKmq4v8eWAL86Xo3BVqyd3SkA9wEVjCMqyvvRRkshAdOnBp5rw=="
    "resolved" "https://registry.npmjs.org/json5/-/json5-0.5.1.tgz"
    "version" "0.5.1"
  
  "kareem@2.4.1":
    "integrity" "sha512-aJ9opVoXroQUPfovYP5kaj2lM7Jn02Gw13bL0lg9v0V7SaUc0qavPs0Eue7d2DcC3NjqI6QAUElXNsuZSeM+EA=="
    "resolved" "https://registry.npmjs.org/kareem/-/kareem-2.4.1.tgz"
    "version" "2.4.1"
  
  "kind-of@^3.0.2", "kind-of@^3.0.3", "kind-of@^3.2.0":
    "integrity" "sha512-NOW9QQXMoZGg/oqnVNoNTTIFEIid1627WCffUBJEdMxYApq7mNE7CpzucIPc+ZQg25Phej7IJSmX3hO+oblOtQ=="
    "resolved" "https://registry.npmjs.org/kind-of/-/kind-of-3.2.2.tgz"
    "version" "3.2.2"
    dependencies:
      "is-buffer" "^1.1.5"
  
  "kind-of@^4.0.0":
    "integrity" "sha512-24XsCxmEbRwEDbz/qz3stgin8TTzZ1ESR56OMCN0ujYg+vRutNSiOj9bHH9u85DKgXguraugV5sFuvbD4FW/hw=="
    "resolved" "https://registry.npmjs.org/kind-of/-/kind-of-4.0.0.tgz"
    "version" "4.0.0"
    dependencies:
      "is-buffer" "^1.1.5"
  
  "kind-of@^5.0.0":
    "integrity" "sha512-NGEErnH6F2vUuXDh+OlbcKW7/wOcfdRHaZ7VWtqCztfHri/++YKmP51OdWeGPuqCOba6kk2OTe5d02VmTB80Pw=="
    "resolved" "https://registry.npmjs.org/kind-of/-/kind-of-5.1.0.tgz"
    "version" "5.1.0"
  
  "kind-of@^6.0.0":
    "integrity" "sha512-dcS1ul+9tmeD95T+x28/ehLgd9mENa3LsvDTtzm3vyBEO7RPptvAD+t44WVXaUjTBRcrpFeFlC8WCruUR456hw=="
    "resolved" "https://registry.npmjs.org/kind-of/-/kind-of-6.0.3.tgz"
    "version" "6.0.3"
  
  "kind-of@^6.0.2":
    "integrity" "sha512-dcS1ul+9tmeD95T+x28/ehLgd9mENa3LsvDTtzm3vyBEO7RPptvAD+t44WVXaUjTBRcrpFeFlC8WCruUR456hw=="
    "resolved" "https://registry.npmjs.org/kind-of/-/kind-of-6.0.3.tgz"
    "version" "6.0.3"
  
  "lazy-cache@^1.0.3":
    "integrity" "sha512-RE2g0b5VGZsOCFOCgP7omTRYFqydmZkBwl5oNnQ1lDYC57uyO9KqNnNVxT7COSHTxrRCWVcAVOcbjk+tvh/rgQ=="
    "resolved" "https://registry.npmjs.org/lazy-cache/-/lazy-cache-1.0.4.tgz"
    "version" "1.0.4"
  
  "loader-utils@^0.2.11":
    "integrity" "sha512-tiv66G0SmiOx+pLWMtGEkfSEejxvb6N6uRrQjfWJIT79W9GMpgKeCAmm9aVBKtd4WEgntciI8CsGqjpDoCWJug=="
    "resolved" "https://registry.npmjs.org/loader-utils/-/loader-utils-0.2.17.tgz"
    "version" "0.2.17"
    dependencies:
      "big.js" "^3.1.3"
      "emojis-list" "^2.0.0"
      "json5" "^0.5.0"
      "object-assign" "^4.0.1"
  
  "longest@^1.0.1":
    "integrity" "sha512-k+yt5n3l48JU4k8ftnKG6V7u32wyH2NfKzeMto9F/QRE0amxy/LayxwlvjjkZEIzqR+19IrtFO8p5kB9QaYUFg=="
    "resolved" "https://registry.npmjs.org/longest/-/longest-1.0.1.tgz"
    "version" "1.0.1"
  
  "map-cache@^0.2.2":
    "integrity" "sha512-8y/eV9QQZCiyn1SprXSrCmqJN0yNRATe+PO8ztwqrvrbdRLA3eYJF0yaR0YayLWkMbsQSKWS9N2gPcGEc4UsZg=="
    "resolved" "https://registry.npmjs.org/map-cache/-/map-cache-0.2.2.tgz"
    "version" "0.2.2"
  
  "map-visit@^1.0.0":
    "integrity" "sha512-4y7uGv8bd2WdM9vpQsiQNo41Ln1NvhvDRuVt0k2JZQ+ezN2uaQes7lZeZ+QQUHOLQAtDaBJ+7wCbi+ab/KFs+w=="
    "resolved" "https://registry.npmjs.org/map-visit/-/map-visit-1.0.0.tgz"
    "version" "1.0.0"
    dependencies:
      "object-visit" "^1.0.0"
  
  "math-random@^1.0.1":
    "integrity" "sha512-rUxjysqif/BZQH2yhd5Aaq7vXMSx9NdEsQcyA07uEzIvxgI7zIr33gGsh+RU0/XjmQpCW7RsVof1vlkvQVCK5A=="
    "resolved" "https://registry.npmjs.org/math-random/-/math-random-1.0.4.tgz"
    "version" "1.0.4"
  
  "media-typer@0.3.0":
    "integrity" "sha512-dq+qelQ9akHpcOl/gUVRTxVIOkAJ1wR3QAvb4RsVjS8oVoFjDGTc679wJYmUmknUF5HwMLOgb5O+a3KxfWapPQ=="
    "resolved" "https://registry.npmjs.org/media-typer/-/media-typer-0.3.0.tgz"
    "version" "0.3.0"
  
  "memory-fs@^0.2.0":
    "integrity" "sha512-+y4mDxU4rvXXu5UDSGCGNiesFmwCHuefGMoPCO1WYucNYj7DsLqrFaa2fXVI0H+NNiPTwwzKwspn9yTZqUGqng=="
    "resolved" "https://registry.npmjs.org/memory-fs/-/memory-fs-0.2.0.tgz"
    "version" "0.2.0"
  
  "memory-fs@~0.3.0":
    "integrity" "sha512-QTNXnl79X97kZ9jJk/meJrtDuvgvRakX5LU7HZW1L7MsXHuSTwoMIzN9tOLLH3Xfsj/gbsSqX/ovnsqz246zKQ=="
    "resolved" "https://registry.npmjs.org/memory-fs/-/memory-fs-0.3.0.tgz"
    "version" "0.3.0"
    dependencies:
      "errno" "^0.1.3"
      "readable-stream" "^2.0.1"
  
  "memory-pager@^1.0.2":
    "integrity" "sha512-ZS4Bp4r/Zoeq6+NLJpP+0Zzm0pR8whtGPf1XExKLJBAczGMnSi3It14OiNCStjQjM6NU1okjQGSxgEZN8eBYKg=="
    "resolved" "https://registry.npmjs.org/memory-pager/-/memory-pager-1.5.0.tgz"
    "version" "1.5.0"
  
  "merge-descriptors@1.0.1":
    "integrity" "sha512-cCi6g3/Zr1iqQi6ySbseM1Xvooa98N0w31jzUYrXPX2xqObmFGHJ0tQ5u74H3mVh7wLouTseZyYIq39g8cNp1w=="
    "resolved" "https://registry.npmjs.org/merge-descriptors/-/merge-descriptors-1.0.1.tgz"
    "version" "1.0.1"
  
  "methods@~1.1.2":
    "integrity" "sha512-iclAHeNqNm68zFtnZ0e+1L2yUIdvzNoauKU4WBA3VvH/vPFieF7qfRlwUZU+DA9P9bPXIS90ulxoUoCH23sV2w=="
    "resolved" "https://registry.npmjs.org/methods/-/methods-1.1.2.tgz"
    "version" "1.1.2"
  
  "micromatch@^2.1.5":
    "integrity" "sha512-LnU2XFEk9xxSJ6rfgAry/ty5qwUTyHYOBU0g4R6tIw5ljwgGIBmiKhRWLw5NpMOnrgUNcDJ4WMp8rl3sYVHLNA=="
    "resolved" "https://registry.npmjs.org/micromatch/-/micromatch-2.3.11.tgz"
    "version" "2.3.11"
    dependencies:
      "arr-diff" "^2.0.0"
      "array-unique" "^0.2.1"
      "braces" "^1.8.2"
      "expand-brackets" "^0.1.4"
      "extglob" "^0.3.1"
      "filename-regex" "^2.0.0"
      "is-extglob" "^1.0.0"
      "is-glob" "^2.0.1"
      "kind-of" "^3.0.2"
      "normalize-path" "^2.0.1"
      "object.omit" "^2.0.0"
      "parse-glob" "^3.0.4"
      "regex-cache" "^0.4.2"
  
  "micromatch@^3.1.10":
    "integrity" "sha512-MWikgl9n9M3w+bpsY3He8L+w9eF9338xRl8IAO5viDizwSzziFEyUzo2xrrloB64ADbTf8uA8vRqqttDTOmccg=="
    "resolved" "https://registry.npmjs.org/micromatch/-/micromatch-3.1.10.tgz"
    "version" "3.1.10"
    dependencies:
      "arr-diff" "^4.0.0"
      "array-unique" "^0.3.2"
      "braces" "^2.3.1"
      "define-property" "^2.0.2"
      "extend-shallow" "^3.0.2"
      "extglob" "^2.0.4"
      "fragment-cache" "^0.2.1"
      "kind-of" "^6.0.2"
      "nanomatch" "^1.2.9"
      "object.pick" "^1.3.0"
      "regex-not" "^1.0.0"
      "snapdragon" "^0.8.1"
      "to-regex" "^3.0.2"
  
  "mime-db@1.52.0":
    "integrity" "sha512-sPU4uV7dYlvtWJxwwxHD0PuihVNiE7TyAbQ5SWxDCB9mUYvOgroQOwYQQOKPJ8CIbE+1ETVlOoK1UC2nU3gYvg=="
    "resolved" "https://registry.npmjs.org/mime-db/-/mime-db-1.52.0.tgz"
    "version" "1.52.0"
  
  "mime-types@~2.1.24", "mime-types@~2.1.34":
    "integrity" "sha512-ZDY+bPm5zTTF+YpCrAU9nK0UgICYPT0QtT1NZWFv4s++TNkcgVaT0g6+4R2uI4MjQjzysHB1zxuWL50hzaeXiw=="
    "resolved" "https://registry.npmjs.org/mime-types/-/mime-types-2.1.35.tgz"
    "version" "2.1.35"
    dependencies:
      "mime-db" "1.52.0"
  
  "mime@1.6.0":
    "integrity" "sha512-x0Vn8spI+wuJ1O6S7gnbaQg8Pxh4NNHb7KSINmEWKiPE4RKOplvijn+NkmYmmRgP68mc70j2EbeTFRsrswaQeg=="
    "resolved" "https://registry.npmjs.org/mime/-/mime-1.6.0.tgz"
    "version" "1.6.0"
  
  "minimatch@^3.1.2":
    "integrity" "sha512-J7p63hRiAjw1NDEww1W7i37+ByIrOWO5XQQAzZ3VOcL0PNybwpfmV/N05zFAzwQ9USyEcX6t3UO+K5aqBQOIHw=="
    "resolved" "https://registry.npmjs.org/minimatch/-/minimatch-3.1.2.tgz"
    "version" "3.1.2"
    dependencies:
      "brace-expansion" "^1.1.7"
  
  "minimist@^1.2.6":
    "integrity" "sha512-Jsjnk4bw3YJqYzbdyBiNsPWHPfO++UGG749Cxs6peCu5Xg4nrena6OVxOYxrQTqww0Jmwt+Ref8rggumkTLz9Q=="
    "resolved" "https://registry.npmjs.org/minimist/-/minimist-1.2.6.tgz"
    "version" "1.2.6"
  
  "minimist@~0.0.1":
    "integrity" "sha512-iotkTvxc+TwOm5Ieim8VnSNvCDjCK9S8G3scJ50ZthspSxa7jx50jkhYduuAtAjvfDUwSgOwf8+If99AlOEhyw=="
    "resolved" "https://registry.npmjs.org/minimist/-/minimist-0.0.10.tgz"
    "version" "0.0.10"
  
  "mixin-deep@^1.2.0":
    "integrity" "sha512-WRoDn//mXBiJ1H40rqa3vH0toePwSsGb45iInWlTySa+Uu4k3tYUSxa2v1KqAiLtvlrSzaExqS1gtk96A9zvEA=="
    "resolved" "https://registry.npmjs.org/mixin-deep/-/mixin-deep-1.3.2.tgz"
    "version" "1.3.2"
    dependencies:
      "for-in" "^1.0.2"
      "is-extendable" "^1.0.1"
  
  "mkdirp@~0.5.0":
    "integrity" "sha512-FP+p8RB8OWpF3YZBCrP5gtADmtXApB5AMLn+vdyA+PyxCjrCs00mjyUozssO33cwDeT3wNGdLxJ5M//YqtHAJw=="
    "resolved" "https://registry.npmjs.org/mkdirp/-/mkdirp-0.5.6.tgz"
    "version" "0.5.6"
    dependencies:
      "minimist" "^1.2.6"
  
  "mongodb-connection-string-url@^2.5.3":
    "integrity" "sha512-SeAxuWs0ez3iI3vvmLk/j2y+zHwigTDKQhtdxTgt5ZCOQQS5+HW4g45/Xw5vzzbn7oQXCNQ24Z40AkJsizEy7w=="
    "resolved" "https://registry.npmjs.org/mongodb-connection-string-url/-/mongodb-connection-string-url-2.5.4.tgz"
    "version" "2.5.4"
    dependencies:
      "@types/whatwg-url" "^8.2.1"
      "whatwg-url" "^11.0.0"
  
  "mongodb@4.9.1":
    "integrity" "sha512-ZhgI/qBf84fD7sI4waZBoLBNJYPQN5IOC++SBCiPiyhzpNKOxN/fi0tBHvH2dEC42HXtNEbFB0zmNz4+oVtorQ=="
    "resolved" "https://registry.npmjs.org/mongodb/-/mongodb-4.9.1.tgz"
    "version" "4.9.1"
    dependencies:
      "bson" "^4.7.0"
      "denque" "^2.1.0"
      "mongodb-connection-string-url" "^2.5.3"
      "socks" "^2.7.0"
    optionalDependencies:
      "saslprep" "^1.0.3"
  
  "mongoose@^6.6.5":
    "integrity" "sha512-iA/oDpWOc+K2QYzA4Eq7Z1oUBQOz9FGDmUwPLgw872Bfs/qizA5Db+gJorAn+TnnGu3VoCK8iP4Y+TECUelwjA=="
    "resolved" "https://registry.npmjs.org/mongoose/-/mongoose-6.6.5.tgz"
    "version" "6.6.5"
    dependencies:
      "bson" "^4.6.5"
      "kareem" "2.4.1"
      "mongodb" "4.9.1"
      "mpath" "0.9.0"
      "mquery" "4.0.3"
      "ms" "2.1.3"
      "sift" "16.0.0"
  
  "mpath@0.9.0":
    "integrity" "sha512-ikJRQTk8hw5DEoFVxHG1Gn9T/xcjtdnOKIU1JTmGjZZlg9LST2mBLmcX3/ICIbgJydT2GOc15RnNy5mHmzfSew=="
    "resolved" "https://registry.npmjs.org/mpath/-/mpath-0.9.0.tgz"
    "version" "0.9.0"
  
  "mquery@4.0.3":
    "integrity" "sha512-J5heI+P08I6VJ2Ky3+33IpCdAvlYGTSUjwTPxkAr8i8EoduPMBX2OY/wa3IKZIQl7MU4SbFk8ndgSKyB/cl1zA=="
    "resolved" "https://registry.npmjs.org/mquery/-/mquery-4.0.3.tgz"
    "version" "4.0.3"
    dependencies:
      "debug" "4.x"
  
  "ms@^2.1.1":
    "integrity" "sha512-6FlzubTLZG3J2a/NVCAleEhjzq5oxgHyaCU9yYXvcLsvoVaHJq/s5xXI6/XXP6tz7R9xAOtHnSO/tXtF3WRTlA=="
    "resolved" "https://registry.npmjs.org/ms/-/ms-2.1.3.tgz"
    "version" "2.1.3"
  
  "ms@2.0.0":
    "integrity" "sha512-Tpp60P6IUJDTuOq/5Z8cdskzJujfwqfOTkrwIwj7IRISpnkJnT6SyJ4PCPnGMoFjC9ddhal5KVIYtAt97ix05A=="
    "resolved" "https://registry.npmjs.org/ms/-/ms-2.0.0.tgz"
    "version" "2.0.0"
  
  "ms@2.1.2":
    "integrity" "sha512-sGkPx+VjMtmA6MX27oA4FBFELFCZZ4S4XqeGOXCv68tT+jb3vk/RyaKWP0PTKyWtmLSM0b+adUTEvbs1PEaH2w=="
    "resolved" "https://registry.npmjs.org/ms/-/ms-2.1.2.tgz"
    "version" "2.1.2"
  
  "ms@2.1.3":
    "integrity" "sha512-6FlzubTLZG3J2a/NVCAleEhjzq5oxgHyaCU9yYXvcLsvoVaHJq/s5xXI6/XXP6tz7R9xAOtHnSO/tXtF3WRTlA=="
    "resolved" "https://registry.npmjs.org/ms/-/ms-2.1.3.tgz"
    "version" "2.1.3"
  
  "nanomatch@^1.2.9":
    "integrity" "sha512-fpoe2T0RbHwBTBUOftAfBPaDEi06ufaUai0mE6Yn1kacc3SnTErfb/h+X94VXzI64rKFHYImXSvdwGGCmwOqCA=="
    "resolved" "https://registry.npmjs.org/nanomatch/-/nanomatch-1.2.13.tgz"
    "version" "1.2.13"
    dependencies:
      "arr-diff" "^4.0.0"
      "array-unique" "^0.3.2"
      "define-property" "^2.0.2"
      "extend-shallow" "^3.0.2"
      "fragment-cache" "^0.2.1"
      "is-windows" "^1.0.2"
      "kind-of" "^6.0.2"
      "object.pick" "^1.3.0"
      "regex-not" "^1.0.0"
      "snapdragon" "^0.8.1"
      "to-regex" "^3.0.1"
  
  "negotiator@0.6.3":
    "integrity" "sha512-+EUsqGPLsM+j/zdChZjsnX51g4XrHFOIXwfnCVPGlQk/k5giakcKsuxCObBRu6DSm9opw/O6slWbJdghQM4bBg=="
    "resolved" "https://registry.npmjs.org/negotiator/-/negotiator-0.6.3.tgz"
    "version" "0.6.3"
  
  "node-libs-browser@^0.6.0":
    "integrity" "sha512-zPMqnpudJw+5Mr+WbGe/j5TFmEDaCgzoSWUV8A3l1Kh74dm14meXeKHJCfLF/ufOehIjWt63HG6DRRuiM68uwg=="
    "resolved" "https://registry.npmjs.org/node-libs-browser/-/node-libs-browser-0.6.0.tgz"
    "version" "0.6.0"
    dependencies:
      "assert" "^1.1.1"
      "browserify-zlib" "~0.1.4"
      "buffer" "^4.9.0"
      "console-browserify" "^1.1.0"
      "constants-browserify" "0.0.1"
      "crypto-browserify" "~3.2.6"
      "domain-browser" "^1.1.1"
      "events" "^1.0.0"
      "http-browserify" "^1.3.2"
      "https-browserify" "0.0.0"
      "os-browserify" "~0.1.2"
      "path-browserify" "0.0.0"
      "process" "^0.11.0"
      "punycode" "^1.2.4"
      "querystring-es3" "~0.2.0"
      "readable-stream" "^1.1.13"
      "stream-browserify" "^1.0.0"
      "string_decoder" "~0.10.25"
      "timers-browserify" "^1.0.1"
      "tty-browserify" "0.0.0"
      "url" "~0.10.1"
      "util" "~0.10.3"
      "vm-browserify" "0.0.4"
  
  "nodemon@^2.0.20":
    "integrity" "sha512-Km2mWHKKY5GzRg6i1j5OxOHQtuvVsgskLfigG25yTtbyfRGn/GNvIbRyOf1PSCKJ2aT/58TiuUsuOU5UToVViw=="
    "resolved" "https://registry.npmjs.org/nodemon/-/nodemon-2.0.20.tgz"
    "version" "2.0.20"
    dependencies:
      "chokidar" "^3.5.2"
      "debug" "^3.2.7"
      "ignore-by-default" "^1.0.1"
      "minimatch" "^3.1.2"
      "pstree.remy" "^1.1.8"
      "semver" "^5.7.1"
      "simple-update-notifier" "^1.0.7"
      "supports-color" "^5.5.0"
      "touch" "^3.1.0"
      "undefsafe" "^2.0.5"
  
  "nopt@~1.0.10":
    "integrity" "sha512-NWmpvLSqUrgrAC9HCuxEvb+PSloHpqVu+FqcO4eeF2h5qYRhA7ev6KvelyQAKtegUbC6RypJnlEOhd8vloNKYg=="
    "resolved" "https://registry.npmjs.org/nopt/-/nopt-1.0.10.tgz"
    "version" "1.0.10"
    dependencies:
      "abbrev" "1"
  
  "normalize-path@^2.0.0":
    "integrity" "sha512-3pKJwH184Xo/lnH6oyP1q2pMd7HcypqqmRs91/6/i2CGtWwIKGCkOOMTm/zXbgTEWHw1uNpNi/igc3ePOYHb6w=="
    "resolved" "https://registry.npmjs.org/normalize-path/-/normalize-path-2.1.1.tgz"
    "version" "2.1.1"
    dependencies:
      "remove-trailing-separator" "^1.0.1"
  
  "normalize-path@^2.0.1":
    "integrity" "sha512-3pKJwH184Xo/lnH6oyP1q2pMd7HcypqqmRs91/6/i2CGtWwIKGCkOOMTm/zXbgTEWHw1uNpNi/igc3ePOYHb6w=="
    "resolved" "https://registry.npmjs.org/normalize-path/-/normalize-path-2.1.1.tgz"
    "version" "2.1.1"
    dependencies:
      "remove-trailing-separator" "^1.0.1"
  
  "normalize-path@^3.0.0", "normalize-path@~3.0.0":
    "integrity" "sha512-6eZs5Ls3WtCisHWp9S2GUy8dqkpGi4BVSz3GaqiE6ezub0512ESztXUwUB6C6IKbQkY2Pnb/mD4WYojCRwcwLA=="
    "resolved" "https://registry.npmjs.org/normalize-path/-/normalize-path-3.0.0.tgz"
    "version" "3.0.0"
  
  "object-assign@^4", "object-assign@^4.0.1", "object-assign@^4.1.1":
    "integrity" "sha512-rJgTQnkUnH1sFw8yT6VSU3zD3sWmu6sZhIseY8VX+GRu3P6F7Fu+JNDoXfklElbLJSnc3FUQHVe4cU5hj+BcUg=="
    "resolved" "https://registry.npmjs.org/object-assign/-/object-assign-4.1.1.tgz"
    "version" "4.1.1"
  
  "object-copy@^0.1.0":
    "integrity" "sha512-79LYn6VAb63zgtmAteVOWo9Vdj71ZVBy3Pbse+VqxDpEP83XuujMrGqHIwAXJ5I/aM0zU7dIyIAhifVTPrNItQ=="
    "resolved" "https://registry.npmjs.org/object-copy/-/object-copy-0.1.0.tgz"
    "version" "0.1.0"
    dependencies:
      "copy-descriptor" "^0.1.0"
      "define-property" "^0.2.5"
      "kind-of" "^3.0.3"
  
  "object-inspect@^1.9.0":
    "integrity" "sha512-z+cPxW0QGUp0mcqcsgQyLVRDoXFQbXOwBaqyF7VIgI4TWNQsDHrBpUQslRmIfAoYWdYzs6UlKJtB2XJpTaNSpQ=="
    "resolved" "https://registry.npmjs.org/object-inspect/-/object-inspect-1.12.2.tgz"
    "version" "1.12.2"
  
  "object-visit@^1.0.0":
    "integrity" "sha512-GBaMwwAVK9qbQN3Scdo0OyvgPW7l3lnaVMj84uTOZlswkX0KpF6fyDBJhtTthf7pymztoN36/KEr1DyhF96zEA=="
    "resolved" "https://registry.npmjs.org/object-visit/-/object-visit-1.0.1.tgz"
    "version" "1.0.1"
    dependencies:
      "isobject" "^3.0.0"
  
  "object.omit@^2.0.0":
    "integrity" "sha512-UiAM5mhmIuKLsOvrL+B0U2d1hXHF3bFYWIuH1LMpuV2EJEHG1Ntz06PgLEHjm6VFd87NpH8rastvPoyv6UW2fA=="
    "resolved" "https://registry.npmjs.org/object.omit/-/object.omit-2.0.1.tgz"
    "version" "2.0.1"
    dependencies:
      "for-own" "^0.1.4"
      "is-extendable" "^0.1.1"
  
  "object.pick@^1.3.0":
    "integrity" "sha512-tqa/UMy/CCoYmj+H5qc07qvSL9dqcs/WZENZ1JbtWBlATP+iVOe778gE6MSijnyCnORzDuX6hU+LA4SZ09YjFQ=="
    "resolved" "https://registry.npmjs.org/object.pick/-/object.pick-1.3.0.tgz"
    "version" "1.3.0"
    dependencies:
      "isobject" "^3.0.1"
  
  "on-finished@2.4.1":
    "integrity" "sha512-oVlzkg3ENAhCk2zdv7IJwd/QUD4z2RxRwpkcGY8psCVcCYZNq4wYnVWALHM+brtuJjePWiYF/ClmuDr8Ch5+kg=="
    "resolved" "https://registry.npmjs.org/on-finished/-/on-finished-2.4.1.tgz"
    "version" "2.4.1"
    dependencies:
      "ee-first" "1.1.1"
  
  "optimist@~0.6.0":
    "integrity" "sha512-snN4O4TkigujZphWLN0E//nQmm7790RYaE53DdL7ZYwee2D8DDo9/EyYiKUfN3rneWUjhJnueija3G9I2i0h3g=="
    "resolved" "https://registry.npmjs.org/optimist/-/optimist-0.6.1.tgz"
    "version" "0.6.1"
    dependencies:
      "minimist" "~0.0.1"
      "wordwrap" "~0.0.2"
  
  "os-browserify@~0.1.2":
    "integrity" "sha512-aZicJZccvxWOZ0Bja2eAch2L8RIJWBuRYmM8Gwl/JjNtRltH0Itcz4eH/ESyuIWfse8cc93ZCf0XrzhXK2HEDA=="
    "resolved" "https://registry.npmjs.org/os-browserify/-/os-browserify-0.1.2.tgz"
    "version" "0.1.2"
  
  "pako@~0.2.0":
    "integrity" "sha512-NUcwaKxUxWrZLpDG+z/xZaCgQITkA/Dv4V/T6bw7VON6l1Xz/VnrBqrYjZQ12TamKHzITTfOEIYUj48y2KXImA=="
    "resolved" "https://registry.npmjs.org/pako/-/pako-0.2.9.tgz"
    "version" "0.2.9"
  
  "parse-glob@^3.0.4":
    "integrity" "sha512-FC5TeK0AwXzq3tUBFtH74naWkPQCEWs4K+xMxWZBlKDWu0bVHXGZa+KKqxKidd7xwhdZ19ZNuF2uO1M/r196HA=="
    "resolved" "https://registry.npmjs.org/parse-glob/-/parse-glob-3.0.4.tgz"
    "version" "3.0.4"
    dependencies:
      "glob-base" "^0.3.0"
      "is-dotfile" "^1.0.0"
      "is-extglob" "^1.0.0"
      "is-glob" "^2.0.0"
  
  "parseurl@~1.3.3":
    "integrity" "sha512-CiyeOxFT/JZyN5m0z9PfXw4SCBJ6Sygz1Dpl0wqjlhDEGGBP1GnsUVEL0p63hoG1fcj3fHynXi9NYO4nWOL+qQ=="
    "resolved" "https://registry.npmjs.org/parseurl/-/parseurl-1.3.3.tgz"
    "version" "1.3.3"
  
  "pascalcase@^0.1.1":
    "integrity" "sha512-XHXfu/yOQRy9vYOtUDVMN60OEJjW013GoObG1o+xwQTpB9eYJX/BjXMsdW13ZDPruFhYYn0AG22w0xgQMwl3Nw=="
    "resolved" "https://registry.npmjs.org/pascalcase/-/pascalcase-0.1.1.tgz"
    "version" "0.1.1"
  
  "path-browserify@0.0.0":
    "integrity" "sha512-WA3pxi1olUQcsl82W576vkqhUSGp0uBtr/381pxx5WXLp3NC+AB99hUG3aGW7H0Kg9PFr1D8wv1iJeICe+9Mhw=="
    "resolved" "https://registry.npmjs.org/path-browserify/-/path-browserify-0.0.0.tgz"
    "version" "0.0.0"
  
  "path-is-absolute@^1.0.0":
    "integrity" "sha512-AVbw3UJ2e9bq64vSaS9Am0fje1Pa8pbGqTTsmXfaIiMpnr5DlDhfJOuLj9Sf95ZPVDAUerDfEk88MPmPe7UCQg=="
    "resolved" "https://registry.npmjs.org/path-is-absolute/-/path-is-absolute-1.0.1.tgz"
    "version" "1.0.1"
  
  "path-to-regexp@0.1.7":
    "integrity" "sha512-5DFkuoqlv1uYQKxy8omFBeJPQcdoE07Kv2sferDCrAq1ohOU+MSDswDIbnx3YAM60qIOnYa53wBhXW0EbMonrQ=="
    "resolved" "https://registry.npmjs.org/path-to-regexp/-/path-to-regexp-0.1.7.tgz"
    "version" "0.1.7"
  
  "pbkdf2-compat@2.0.1":
    "integrity" "sha512-JYubxYhymODUUWVq9/Tmo9VQFZ8LyrD/pbXVpwmt1Npr2z29KZwp7+IBT3/PRjr1xpecX4W1EcbjFjp8nE3stQ=="
    "resolved" "https://registry.npmjs.org/pbkdf2-compat/-/pbkdf2-compat-2.0.1.tgz"
    "version" "2.0.1"
  
  "picomatch@^2.0.4", "picomatch@^2.2.1":
    "integrity" "sha512-JU3teHTNjmE2VCGFzuY8EXzCDVwEqB2a8fsIvwaStHhAWJEeVd1o1QD80CU6+ZdEXXSLbSsuLwJjkCBWqRQUVA=="
    "resolved" "https://registry.npmjs.org/picomatch/-/picomatch-2.3.1.tgz"
    "version" "2.3.1"
  
  "posix-character-classes@^0.1.0":
    "integrity" "sha512-xTgYBc3fuo7Yt7JbiuFxSYGToMoz8fLoE6TC9Wx1P/u+LfeThMOAqmuyECnlBaaJb+u1m9hHiXUEtwW4OzfUJg=="
    "resolved" "https://registry.npmjs.org/posix-character-classes/-/posix-character-classes-0.1.1.tgz"
    "version" "0.1.1"
  
  "preserve@^0.2.0":
    "integrity" "sha512-s/46sYeylUfHNjI+sA/78FAHlmIuKqI9wNnzEOGehAlUUYeObv5C2mOinXBjyUyWmJ2SfcS2/ydApH4hTF4WXQ=="
    "resolved" "https://registry.npmjs.org/preserve/-/preserve-0.2.0.tgz"
    "version" "0.2.0"
  
  "process-nextick-args@~2.0.0":
    "integrity" "sha512-3ouUOpQhtgrbOa17J7+uxOTpITYWaGP7/AhoR3+A+/1e9skrzelGi/dXzEYyvbxubEF6Wn2ypscTKiKJFFn1ag=="
    "resolved" "https://registry.npmjs.org/process-nextick-args/-/process-nextick-args-2.0.1.tgz"
    "version" "2.0.1"
  
  "process@^0.11.0", "process@~0.11.0":
    "integrity" "sha512-cdGef/drWFoydD1JsMzuFf8100nZl+GT+yacc2bEced5f9Rjk4z+WtFUTBu9PhOi9j/jfmBPu0mMEY4wIdAF8A=="
    "resolved" "https://registry.npmjs.org/process/-/process-0.11.10.tgz"
    "version" "0.11.10"
  
  "proxy-addr@~2.0.7":
    "integrity" "sha512-llQsMLSUDUPT44jdrU/O37qlnifitDP+ZwrmmZcoSKyLKvtZxpyV0n2/bD/N4tBAAZ/gJEdZU7KMraoK1+XYAg=="
    "resolved" "https://registry.npmjs.org/proxy-addr/-/proxy-addr-2.0.7.tgz"
    "version" "2.0.7"
    dependencies:
      "forwarded" "0.2.0"
      "ipaddr.js" "1.9.1"
  
  "prr@~1.0.1":
    "integrity" "sha512-yPw4Sng1gWghHQWj0B3ZggWUm4qVbPwPFcRG8KyxiU7J2OHFSoEHKS+EZ3fv5l1t9CyCiop6l/ZYeWbrgoQejw=="
    "resolved" "https://registry.npmjs.org/prr/-/prr-1.0.1.tgz"
    "version" "1.0.1"
  
  "pstree.remy@^1.1.8":
    "integrity" "sha512-77DZwxQmxKnu3aR542U+X8FypNzbfJ+C5XQDk3uWjWxn6151aIMGthWYRXTqT1E5oJvg+ljaa2OJi+VfvCOQ8w=="
    "resolved" "https://registry.npmjs.org/pstree.remy/-/pstree.remy-1.1.8.tgz"
    "version" "1.1.8"
  
  "punycode@^1.2.4":
    "integrity" "sha512-jmYNElW7yvO7TV33CjSmvSiE2yco3bV2czu/OzDKdMNVZQWfxCblURLhf+47syQRBntjfLdd/H0egrzIG+oaFQ=="
    "resolved" "https://registry.npmjs.org/punycode/-/punycode-1.4.1.tgz"
    "version" "1.4.1"
  
  "punycode@^2.1.1":
    "integrity" "sha512-XRsRjdf+j5ml+y/6GKHPZbrF/8p2Yga0JPtdqTIY2Xe5ohJPD9saDJJLPvp9+NSBprVvevdXZybnj2cv8OEd0A=="
    "resolved" "https://registry.npmjs.org/punycode/-/punycode-2.1.1.tgz"
    "version" "2.1.1"
  
  "punycode@1.3.2":
    "integrity" "sha512-RofWgt/7fL5wP1Y7fxE7/EmTLzQVnB0ycyibJ0OOHIlJqTNzglYFxVwETOcIoJqJmpDXJ9xImDv+Fq34F/d4Dw=="
    "resolved" "https://registry.npmjs.org/punycode/-/punycode-1.3.2.tgz"
    "version" "1.3.2"
  
  "qs@6.10.3":
    "integrity" "sha512-wr7M2E0OFRfIfJZjKGieI8lBKb7fRCH4Fv5KNPEs7gJ8jadvotdsS08PzOKR7opXhZ/Xkjtt3WF9g38drmyRqQ=="
    "resolved" "https://registry.npmjs.org/qs/-/qs-6.10.3.tgz"
    "version" "6.10.3"
    dependencies:
      "side-channel" "^1.0.4"
  
  "qs@6.11.0":
    "integrity" "sha512-MvjoMCJwEarSbUYk5O+nmoSzSutSsTwF85zcHPQ9OrlFoZOYIjaqBAJIqIXjptyD5vThxGq52Xu/MaJzRkIk4Q=="
    "resolved" "https://registry.npmjs.org/qs/-/qs-6.11.0.tgz"
    "version" "6.11.0"
    dependencies:
      "side-channel" "^1.0.4"
  
  "querystring-es3@~0.2.0":
    "integrity" "sha512-773xhDQnZBMFobEiztv8LIl70ch5MSF/jUQVlhwFyBILqq96anmoctVIYz+ZRp0qbCKATTn6ev02M3r7Ga5vqA=="
    "resolved" "https://registry.npmjs.org/querystring-es3/-/querystring-es3-0.2.1.tgz"
    "version" "0.2.1"
  
  "querystring@0.2.0":
    "integrity" "sha512-X/xY82scca2tau62i9mDyU9K+I+djTMUsvwf7xnUX5GLvVzgJybOJf4Y6o9Zx3oJK/LSXg5tTZBjwzqVPaPO2g=="
    "resolved" "https://registry.npmjs.org/querystring/-/querystring-0.2.0.tgz"
    "version" "0.2.0"
  
  "randomatic@^3.0.0":
    "integrity" "sha512-TuDE5KxZ0J461RVjrJZCJc+J+zCkTb1MbH9AQUq68sMhOMcy9jLcb3BrZKgp9q9Ncltdg4QVqWrH02W2EFFVYw=="
    "resolved" "https://registry.npmjs.org/randomatic/-/randomatic-3.1.1.tgz"
    "version" "3.1.1"
    dependencies:
      "is-number" "^4.0.0"
      "kind-of" "^6.0.0"
      "math-random" "^1.0.1"
  
  "range-parser@~1.2.1":
    "integrity" "sha512-Hrgsx+orqoygnmhFbKaHE6c296J+HTAQXoxEF6gNupROmmGJRoyzfG3ccAveqCBrwr/2yxQ5BVd/GTl5agOwSg=="
    "resolved" "https://registry.npmjs.org/range-parser/-/range-parser-1.2.1.tgz"
    "version" "1.2.1"
  
  "raw-body@2.5.1":
    "integrity" "sha512-qqJBtEyVgS0ZmPGdCFPWJ3FreoqvG4MVQln/kCgF7Olq95IbOp0/BWyMwbdtn4VTvkM8Y7khCQ2Xgk/tcrCXig=="
    "resolved" "https://registry.npmjs.org/raw-body/-/raw-body-2.5.1.tgz"
    "version" "2.5.1"
    dependencies:
      "bytes" "3.1.2"
      "http-errors" "2.0.0"
      "iconv-lite" "0.4.24"
      "unpipe" "1.0.0"
  
  "readable-stream@^1.0.27-1":
    "integrity" "sha512-+MeVjFf4L44XUkhM1eYbD8fyEsxcV81pqMSR5gblfcLCHfZvbrqy4/qYHE+/R5HoBUT11WV5O08Cr1n3YXkWVQ=="
    "resolved" "https://registry.npmjs.org/readable-stream/-/readable-stream-1.1.14.tgz"
    "version" "1.1.14"
    dependencies:
      "core-util-is" "~1.0.0"
      "inherits" "~2.0.1"
      "isarray" "0.0.1"
      "string_decoder" "~0.10.x"
  
  "readable-stream@^1.1.13":
    "integrity" "sha512-+MeVjFf4L44XUkhM1eYbD8fyEsxcV81pqMSR5gblfcLCHfZvbrqy4/qYHE+/R5HoBUT11WV5O08Cr1n3YXkWVQ=="
    "resolved" "https://registry.npmjs.org/readable-stream/-/readable-stream-1.1.14.tgz"
    "version" "1.1.14"
    dependencies:
      "core-util-is" "~1.0.0"
      "inherits" "~2.0.1"
      "isarray" "0.0.1"
      "string_decoder" "~0.10.x"
  
  "readable-stream@^2.0.1", "readable-stream@^2.0.2":
    "integrity" "sha512-Ebho8K4jIbHAxnuxi7o42OrZgF/ZTNcsZj6nRKyUmkhLFq8CHItp/fy6hQZuZmP/n3yZ9VBUbp4zz/mX8hmYPw=="
    "resolved" "https://registry.npmjs.org/readable-stream/-/readable-stream-2.3.7.tgz"
    "version" "2.3.7"
    dependencies:
      "core-util-is" "~1.0.0"
      "inherits" "~2.0.3"
      "isarray" "~1.0.0"
      "process-nextick-args" "~2.0.0"
      "safe-buffer" "~5.1.1"
      "string_decoder" "~1.1.1"
      "util-deprecate" "~1.0.1"
  
  "readdirp@^2.0.0":
    "integrity" "sha512-1JU/8q+VgFZyxwrJ+SVIOsh+KywWGpds3NTqikiKpDMZWScmAYyKIgqkO+ARvNWJfXeXR1zxz7aHF4u4CyH6vQ=="
    "resolved" "https://registry.npmjs.org/readdirp/-/readdirp-2.2.1.tgz"
    "version" "2.2.1"
    dependencies:
      "graceful-fs" "^4.1.11"
      "micromatch" "^3.1.10"
      "readable-stream" "^2.0.2"
  
  "readdirp@~3.6.0":
    "integrity" "sha512-hOS089on8RduqdbhvQ5Z37A0ESjsqz6qnRcffsMU3495FuTdqSm+7bhJ29JvIOsBDEEnan5DPu9t3To9VRlMzA=="
    "resolved" "https://registry.npmjs.org/readdirp/-/readdirp-3.6.0.tgz"
    "version" "3.6.0"
    dependencies:
      "picomatch" "^2.2.1"
  
  "regex-cache@^0.4.2":
    "integrity" "sha512-nVIZwtCjkC9YgvWkpM55B5rBhBYRZhAaJbgcFYXXsHnbZ9UZI9nnVWYZpBlCqv9ho2eZryPnWrZGsOdPwVWXWQ=="
    "resolved" "https://registry.npmjs.org/regex-cache/-/regex-cache-0.4.4.tgz"
    "version" "0.4.4"
    dependencies:
      "is-equal-shallow" "^0.1.3"
  
  "regex-not@^1.0.0", "regex-not@^1.0.2":
    "integrity" "sha512-J6SDjUgDxQj5NusnOtdFxDwN/+HWykR8GELwctJ7mdqhcyy1xEc4SRFHUXvxTp661YaVKAjfRLZ9cCqS6tn32A=="
    "resolved" "https://registry.npmjs.org/regex-not/-/regex-not-1.0.2.tgz"
    "version" "1.0.2"
    dependencies:
      "extend-shallow" "^3.0.2"
      "safe-regex" "^1.1.0"
  
  "remove-trailing-separator@^1.0.1":
    "integrity" "sha512-/hS+Y0u3aOfIETiaiirUFwDBDzmXPvO+jAfKTitUngIPzdKc6Z0LoFjM/CK5PL4C+eKwHohlHAb6H0VFfmmUsw=="
    "resolved" "https://registry.npmjs.org/remove-trailing-separator/-/remove-trailing-separator-1.1.0.tgz"
    "version" "1.1.0"
  
  "repeat-element@^1.1.2":
    "integrity" "sha512-LFiNfRcSu7KK3evMyYOuCzv3L10TW7yC1G2/+StMjK8Y6Vqd2MG7r/Qjw4ghtuCOjFvlnms/iMmLqpvW/ES/WQ=="
    "resolved" "https://registry.npmjs.org/repeat-element/-/repeat-element-1.1.4.tgz"
    "version" "1.1.4"
  
  "repeat-string@^1.5.2", "repeat-string@^1.6.1":
    "integrity" "sha512-PV0dzCYDNfRi1jCDbJzpW7jNNDRuCOG/jI5ctQcGKt/clZD+YcPS3yIlWuTJMmESC8aevCFmWJy5wjAFgNqN6w=="
    "resolved" "https://registry.npmjs.org/repeat-string/-/repeat-string-1.6.1.tgz"
    "version" "1.6.1"
  
  "resolve-url@^0.2.1":
    "integrity" "sha512-ZuF55hVUQaaczgOIwqWzkEcEidmlD/xl44x1UZnhOXcYuFN2S6+rcxpG+C1N3So0wvNI3DmJICUFfu2SxhBmvg=="
    "resolved" "https://registry.npmjs.org/resolve-url/-/resolve-url-0.2.1.tgz"
    "version" "0.2.1"
  
  "ret@~0.1.10":
    "integrity" "sha512-TTlYpa+OL+vMMNG24xSlQGEJ3B/RzEfUlLct7b5G/ytav+wPrplCpVMFuwzXbkecJrb6IYo1iFb0S9v37754mg=="
    "resolved" "https://registry.npmjs.org/ret/-/ret-0.1.15.tgz"
    "version" "0.1.15"
  
  "right-align@^0.1.1":
    "integrity" "sha512-yqINtL/G7vs2v+dFIZmFUDbnVyFUJFKd6gK22Kgo6R4jfJGFtisKyncWDDULgjfqf4ASQuIQyjJ7XZ+3aWpsAg=="
    "resolved" "https://registry.npmjs.org/right-align/-/right-align-0.1.3.tgz"
    "version" "0.1.3"
    dependencies:
      "align-text" "^0.1.1"
  
  "ripemd160@0.2.0":
    "integrity" "sha512-JJsJ74Mw4sUDDisXGDnNNyN9xWmt5HcH6Kwvb/0m/IvTKjnLAtZfzeoLdpxk44AxQZki54oCCd+Kt0nPQ2AF2g=="
    "resolved" "https://registry.npmjs.org/ripemd160/-/ripemd160-0.2.0.tgz"
    "version" "0.2.0"
  
  "safe-buffer@~5.1.0", "safe-buffer@~5.1.1":
    "integrity" "sha512-Gd2UZBJDkXlY7GbJxfsE8/nvKkUEU1G38c1siN6QP6a9PT9MmHB8GnpscSmMJSoF8LOIrt8ud/wPtojys4G6+g=="
    "resolved" "https://registry.npmjs.org/safe-buffer/-/safe-buffer-5.1.2.tgz"
    "version" "5.1.2"
  
  "safe-buffer@5.2.1":
    "integrity" "sha512-rp3So07KcdmmKbGvgaNxQSJr7bGVSVk5S9Eq1F+ppbRo70+YeaDxkw5Dd8NPN+GD6bjnYm2VuPuCXmpuYvmCXQ=="
    "resolved" "https://registry.npmjs.org/safe-buffer/-/safe-buffer-5.2.1.tgz"
    "version" "5.2.1"
  
  "safe-regex@^1.1.0":
    "integrity" "sha512-aJXcif4xnaNUzvUuC5gcb46oTS7zvg4jpMTnuqtrEPlR3vFr4pxtdTwaF1Qs3Enjn9HK+ZlwQui+a7z0SywIzg=="
    "resolved" "https://registry.npmjs.org/safe-regex/-/safe-regex-1.1.0.tgz"
    "version" "1.1.0"
    dependencies:
      "ret" "~0.1.10"
  
  "safer-buffer@>= 2.1.2 < 3":
    "integrity" "sha512-YZo3K82SD7Riyi0E1EQPojLz7kpepnSQI9IyPbHHg1XXXevb5dJI7tpyN2ADxGcQbHG7vcyRHk0cbwqcQriUtg=="
    "resolved" "https://registry.npmjs.org/safer-buffer/-/safer-buffer-2.1.2.tgz"
    "version" "2.1.2"
  
  "saslprep@^1.0.3":
    "integrity" "sha512-/MY/PEMbk2SuY5sScONwhUDsV2p77Znkb/q3nSVstq/yQzYJOH/Azh29p9oJLsl3LnQwSvZDKagDGBsBwSooag=="
    "resolved" "https://registry.npmjs.org/saslprep/-/saslprep-1.0.3.tgz"
    "version" "1.0.3"
    dependencies:
      "sparse-bitfield" "^3.0.3"
  
  "semver@^5.7.1":
    "integrity" "sha512-sauaDf/PZdVgrLTNYHRtpXa1iRiKcaebiKQ1BJdpQlWH2lCvexQdX55snPFyK7QzpudqbCI0qXFfOasHdyNDGQ=="
    "resolved" "https://registry.npmjs.org/semver/-/semver-5.7.1.tgz"
    "version" "5.7.1"
  
  "semver@~7.0.0":
    "integrity" "sha512-+GB6zVA9LWh6zovYQLALHwv5rb2PHGlJi3lfiqIHxR0uuwCgefcOJc59v9fv1w8GbStwxuuqqAjI9NMAOOgq1A=="
    "resolved" "https://registry.npmjs.org/semver/-/semver-7.0.0.tgz"
    "version" "7.0.0"
  
  "send@0.18.0":
    "integrity" "sha512-qqWzuOjSFOuqPjFe4NOsMLafToQQwBSOEpS+FwEt3A2V3vKubTquT3vmLTQpFgMXp8AlFWFuP1qKaJZOtPpVXg=="
    "resolved" "https://registry.npmjs.org/send/-/send-0.18.0.tgz"
    "version" "0.18.0"
    dependencies:
      "debug" "2.6.9"
      "depd" "2.0.0"
      "destroy" "1.2.0"
      "encodeurl" "~1.0.2"
      "escape-html" "~1.0.3"
      "etag" "~1.8.1"
      "fresh" "0.5.2"
      "http-errors" "2.0.0"
      "mime" "1.6.0"
      "ms" "2.1.3"
      "on-finished" "2.4.1"
      "range-parser" "~1.2.1"
      "statuses" "2.0.1"
  
  "serve-static@1.15.0":
    "integrity" "sha512-XGuRDNjXUijsUL0vl6nSD7cwURuzEgglbOaFuZM9g3kwDXOWVTck0jLzjPzGD+TazWbboZYu52/9/XPdUgne9g=="
    "resolved" "https://registry.npmjs.org/serve-static/-/serve-static-1.15.0.tgz"
    "version" "1.15.0"
    dependencies:
      "encodeurl" "~1.0.2"
      "escape-html" "~1.0.3"
      "parseurl" "~1.3.3"
      "send" "0.18.0"
  
  "set-value@^2.0.0", "set-value@^2.0.1":
    "integrity" "sha512-JxHc1weCN68wRY0fhCoXpyK55m/XPHafOmK4UWD7m2CI14GMcFypt4w/0+NV5f/ZMby2F6S2wwA7fgynh9gWSw=="
    "resolved" "https://registry.npmjs.org/set-value/-/set-value-2.0.1.tgz"
    "version" "2.0.1"
    dependencies:
      "extend-shallow" "^2.0.1"
      "is-extendable" "^0.1.1"
      "is-plain-object" "^2.0.3"
      "split-string" "^3.0.1"
  
  "setprototypeof@1.2.0":
    "integrity" "sha512-E5LDX7Wrp85Kil5bhZv46j8jOeboKq5JMmYM3gVGdGH8xFpPWXUMsNrlODCrkoxMEeNi/XZIwuRvY4XNwYMJpw=="
    "resolved" "https://registry.npmjs.org/setprototypeof/-/setprototypeof-1.2.0.tgz"
    "version" "1.2.0"
  
  "sha.js@2.2.6":
    "integrity" "sha512-GC+qN4sf/O6bDwz6CHaz8HVQfLbbNyIsXpTZLiD5c1badnWA63WVAH1msoCq+fXcV0dZ50jxTqKA8seu40845A=="
    "resolved" "https://registry.npmjs.org/sha.js/-/sha.js-2.2.6.tgz"
    "version" "2.2.6"
  
  "side-channel@^1.0.4":
    "integrity" "sha512-q5XPytqFEIKHkGdiMIrY10mvLRvnQh42/+GoBlFW3b2LXLE2xxJpZFdm94we0BaoV3RwJyGqg5wS7epxTv0Zvw=="
    "resolved" "https://registry.npmjs.org/side-channel/-/side-channel-1.0.4.tgz"
    "version" "1.0.4"
    dependencies:
      "call-bind" "^1.0.0"
      "get-intrinsic" "^1.0.2"
      "object-inspect" "^1.9.0"
  
  "sift@16.0.0":
    "integrity" "sha512-ILTjdP2Mv9V1kIxWMXeMTIRbOBrqKc4JAXmFMnFq3fKeyQ2Qwa3Dw1ubcye3vR+Y6ofA0b9gNDr/y2t6eUeIzQ=="
    "resolved" "https://registry.npmjs.org/sift/-/sift-16.0.0.tgz"
    "version" "16.0.0"
  
  "simple-update-notifier@^1.0.7":
    "integrity" "sha512-BBKgR84BJQJm6WjWFMHgLVuo61FBDSj1z/xSFUIozqO6wO7ii0JxCqlIud7Enr/+LhlbNI0whErq96P2qHNWew=="
    "resolved" "https://registry.npmjs.org/simple-update-notifier/-/simple-update-notifier-1.0.7.tgz"
    "version" "1.0.7"
    dependencies:
      "semver" "~7.0.0"
  
  "smart-buffer@^4.2.0":
    "integrity" "sha512-94hK0Hh8rPqQl2xXc3HsaBoOXKV20MToPkcXvwbISWLEs+64sBq5kFgn2kJDHb1Pry9yrP0dxrCI9RRci7RXKg=="
    "resolved" "https://registry.npmjs.org/smart-buffer/-/smart-buffer-4.2.0.tgz"
    "version" "4.2.0"
  
  "snapdragon-node@^2.0.1":
    "integrity" "sha512-O27l4xaMYt/RSQ5TR3vpWCAB5Kb/czIcqUFOM/C4fYcLnbZUc1PkjTAMjof2pBWaSTwOUd6qUHcFGVGj7aIwnw=="
    "resolved" "https://registry.npmjs.org/snapdragon-node/-/snapdragon-node-2.1.1.tgz"
    "version" "2.1.1"
    dependencies:
      "define-property" "^1.0.0"
      "isobject" "^3.0.0"
      "snapdragon-util" "^3.0.1"
  
  "snapdragon-util@^3.0.1":
    "integrity" "sha512-mbKkMdQKsjX4BAL4bRYTj21edOf8cN7XHdYUJEe+Zn99hVEYcMvKPct1IqNe7+AZPirn8BCDOQBHQZknqmKlZQ=="
    "resolved" "https://registry.npmjs.org/snapdragon-util/-/snapdragon-util-3.0.1.tgz"
    "version" "3.0.1"
    dependencies:
      "kind-of" "^3.2.0"
  
  "snapdragon@^0.8.1":
    "integrity" "sha512-FtyOnWN/wCHTVXOMwvSv26d+ko5vWlIDD6zoUJ7LW8vh+ZBC8QdljveRP+crNrtBwioEUWy/4dMtbBjA4ioNlg=="
    "resolved" "https://registry.npmjs.org/snapdragon/-/snapdragon-0.8.2.tgz"
    "version" "0.8.2"
    dependencies:
      "base" "^0.11.1"
      "debug" "^2.2.0"
      "define-property" "^0.2.5"
      "extend-shallow" "^2.0.1"
      "map-cache" "^0.2.2"
      "source-map" "^0.5.6"
      "source-map-resolve" "^0.5.0"
      "use" "^3.1.0"
  
  "socks@^2.7.0":
    "integrity" "sha512-7maUZy1N7uo6+WVEX6psASxtNlKaNVMlGQKkG/63nEDdLOWNbiUMoLK7X4uYoLhQstau72mLgfEWcXcwsaHbYQ=="
    "resolved" "https://registry.npmjs.org/socks/-/socks-2.7.1.tgz"
    "version" "2.7.1"
    dependencies:
      "ip" "^2.0.0"
      "smart-buffer" "^4.2.0"
  
  "source-list-map@~0.1.7":
    "integrity" "sha512-cabwdhnSNf/tTDMh/DXZXlkeQLvdYT5xfGYBohqHG7wb3bBQrQlHQNWM9NWSOboXXK1zgwz6JzS5e4hZq9vxMw=="
    "resolved" "https://registry.npmjs.org/source-list-map/-/source-list-map-0.1.8.tgz"
    "version" "0.1.8"
  
  "source-map-resolve@^0.5.0":
    "integrity" "sha512-Htz+RnsXWk5+P2slx5Jh3Q66vhQj1Cllm0zvnaY98+NFx+Dv2CF/f5O/t8x+KaNdrdIAsruNzoh/KpialbqAnw=="
    "resolved" "https://registry.npmjs.org/source-map-resolve/-/source-map-resolve-0.5.3.tgz"
    "version" "0.5.3"
    dependencies:
      "atob" "^2.1.2"
      "decode-uri-component" "^0.2.0"
      "resolve-url" "^0.2.1"
      "source-map-url" "^0.4.0"
      "urix" "^0.1.0"
  
  "source-map-url@^0.4.0":
    "integrity" "sha512-cPiFOTLUKvJFIg4SKVScy4ilPPW6rFgMgfuZJPNoDuMs3nC1HbMUycBoJw77xFIp6z1UJQJOfx6C9GMH80DiTw=="
    "resolved" "https://registry.npmjs.org/source-map-url/-/source-map-url-0.4.1.tgz"
    "version" "0.4.1"
  
  "source-map@^0.5.6", "source-map@~0.5.1":
    "integrity" "sha512-LbrmJOMUSdEVxIKvdcJzQC+nQhe8FUZQTXQy6+I75skNgn3OoQ0DZA8YnFa7gp8tqtL3KPf1kmo0R5DoApeSGQ=="
    "resolved" "https://registry.npmjs.org/source-map/-/source-map-0.5.7.tgz"
    "version" "0.5.7"
  
  "source-map@~0.4.1":
    "integrity" "sha512-Y8nIfcb1s/7DcobUz1yOO1GSp7gyL+D9zLHDehT7iRESqGSxjJ448Sg7rvfgsRJCnKLdSl11uGf0s9X80cH0/A=="
    "resolved" "https://registry.npmjs.org/source-map/-/source-map-0.4.4.tgz"
    "version" "0.4.4"
    dependencies:
      "amdefine" ">=0.0.4"
  
  "sparse-bitfield@^3.0.3":
    "integrity" "sha512-kvzhi7vqKTfkh0PZU+2D2PIllw2ymqJKujUcyPMd9Y75Nv4nPbGJZXNhxsgdQab2BmlDct1YnfQCguEvHr7VsQ=="
    "resolved" "https://registry.npmjs.org/sparse-bitfield/-/sparse-bitfield-3.0.3.tgz"
    "version" "3.0.3"
    dependencies:
      "memory-pager" "^1.0.2"
  
  "split-string@^3.0.1", "split-string@^3.0.2":
    "integrity" "sha512-NzNVhJDYpwceVVii8/Hu6DKfD2G+NrQHlS/V/qgv763EYudVwEcMQNxd2lh+0VrUByXN/oJkl5grOhYWvQUYiw=="
    "resolved" "https://registry.npmjs.org/split-string/-/split-string-3.1.0.tgz"
    "version" "3.1.0"
    dependencies:
      "extend-shallow" "^3.0.0"
  
  "static-extend@^0.1.1":
    "integrity" "sha512-72E9+uLc27Mt718pMHt9VMNiAL4LMsmDbBva8mxWUCkT07fSzEGMYUCk0XWY6lp0j6RBAG4cJ3mWuZv2OE3s0g=="
    "resolved" "https://registry.npmjs.org/static-extend/-/static-extend-0.1.2.tgz"
    "version" "0.1.2"
    dependencies:
      "define-property" "^0.2.5"
      "object-copy" "^0.1.0"
  
  "statuses@2.0.1":
    "integrity" "sha512-RwNA9Z/7PrK06rYLIzFMlaF+l73iwpzsqRIFgbMLbTcLD6cOao82TaWefPXQvB2fOC4AjuYSEndS7N/mTCbkdQ=="
    "resolved" "https://registry.npmjs.org/statuses/-/statuses-2.0.1.tgz"
    "version" "2.0.1"
  
  "stream-browserify@^1.0.0":
    "integrity" "sha512-e+V5xc4LlkOiRr64kZTUdb11exsbpSnwb9uwmXaHeDXCpfHg7vaefMJOxi21Pe74ZOqjZ87blBcqqpNAM4Ku0g=="
    "resolved" "https://registry.npmjs.org/stream-browserify/-/stream-browserify-1.0.0.tgz"
    "version" "1.0.0"
    dependencies:
      "inherits" "~2.0.1"
      "readable-stream" "^1.0.27-1"
  
  "string_decoder@~0.10.25", "string_decoder@~0.10.x":
    "integrity" "sha512-ev2QzSzWPYmy9GuqfIVildA4OdcGLeFZQrq5ys6RtiuF+RQQiZWr8TZNyAcuVXyQRYfEO+MsoB/1BuQVhOJuoQ=="
    "resolved" "https://registry.npmjs.org/string_decoder/-/string_decoder-0.10.31.tgz"
    "version" "0.10.31"
  
  "string_decoder@~1.1.1":
    "integrity" "sha512-n/ShnvDi6FHbbVfviro+WojiFzv+s8MPMHBczVePfUpDJLwoLT0ht1l4YwBCbi8pJAveEEdnkHyPyTP/mzRfwg=="
    "resolved" "https://registry.npmjs.org/string_decoder/-/string_decoder-1.1.1.tgz"
    "version" "1.1.1"
    dependencies:
      "safe-buffer" "~5.1.0"
  
  "supports-color@^3.1.0":
    "integrity" "sha512-Jds2VIYDrlp5ui7t8abHN2bjAu4LV/q4N2KivFPpGH0lrka0BMq/33AmECUXlKPcHigkNaqfXRENFju+rlcy+A=="
    "resolved" "https://registry.npmjs.org/supports-color/-/supports-color-3.2.3.tgz"
    "version" "3.2.3"
    dependencies:
      "has-flag" "^1.0.0"
  
  "supports-color@^5.5.0":
    "integrity" "sha512-QjVjwdXIt408MIiAqCX4oUKsgU2EqAGzs2Ppkm4aQYbjm+ZEWEcW4SfFNTr4uMNZma0ey4f5lgLrkB0aX0QMow=="
    "resolved" "https://registry.npmjs.org/supports-color/-/supports-color-5.5.0.tgz"
    "version" "5.5.0"
    dependencies:
      "has-flag" "^3.0.0"
  
  "tapable@^0.1.8", "tapable@~0.1.8":
    "integrity" "sha512-jX8Et4hHg57mug1/079yitEKWGB3LCwoxByLsNim89LABq8NqgiX+6iYVOsq0vX8uJHkU+DZ5fnq95f800bEsQ=="
    "resolved" "https://registry.npmjs.org/tapable/-/tapable-0.1.10.tgz"
    "version" "0.1.10"
  
  "timers-browserify@^1.0.1":
    "integrity" "sha512-PIxwAupJZiYU4JmVZYwXp9FKsHMXb5h0ZEFyuXTAn8WLHOlcij+FEcbrvDsom1o5dr1YggEtFbECvGCW2sT53Q=="
    "resolved" "https://registry.npmjs.org/timers-browserify/-/timers-browserify-1.4.2.tgz"
    "version" "1.4.2"
    dependencies:
      "process" "~0.11.0"
  
  "to-object-path@^0.3.0":
    "integrity" "sha512-9mWHdnGRuh3onocaHzukyvCZhzvr6tiflAy/JRFXcJX0TjgfWA9pk9t8CMbzmBE4Jfw58pXbkngtBtqYxzNEyg=="
    "resolved" "https://registry.npmjs.org/to-object-path/-/to-object-path-0.3.0.tgz"
    "version" "0.3.0"
    dependencies:
      "kind-of" "^3.0.2"
  
  "to-regex-range@^2.1.0":
    "integrity" "sha512-ZZWNfCjUokXXDGXFpZehJIkZqq91BcULFq/Pi7M5i4JnxXdhMKAK682z8bCW3o8Hj1wuuzoKcW3DfVzaP6VuNg=="
    "resolved" "https://registry.npmjs.org/to-regex-range/-/to-regex-range-2.1.1.tgz"
    "version" "2.1.1"
    dependencies:
      "is-number" "^3.0.0"
      "repeat-string" "^1.6.1"
  
  "to-regex-range@^5.0.1":
    "integrity" "sha512-65P7iz6X5yEr1cwcgvQxbbIw7Uk3gOy5dIdtZ4rDveLqhrdJP+Li/Hx6tyK0NEb+2GCyneCMJiGqrADCSNk8sQ=="
    "resolved" "https://registry.npmjs.org/to-regex-range/-/to-regex-range-5.0.1.tgz"
    "version" "5.0.1"
    dependencies:
      "is-number" "^7.0.0"
  
  "to-regex@^3.0.1", "to-regex@^3.0.2":
    "integrity" "sha512-FWtleNAtZ/Ki2qtqej2CXTOayOH9bHDQF+Q48VpWyDXjbYxA4Yz8iDB31zXOBUlOHHKidDbqGVrTUvQMPmBGBw=="
    "resolved" "https://registry.npmjs.org/to-regex/-/to-regex-3.0.2.tgz"
    "version" "3.0.2"
    dependencies:
      "define-property" "^2.0.2"
      "extend-shallow" "^3.0.2"
      "regex-not" "^1.0.2"
      "safe-regex" "^1.1.0"
  
  "toidentifier@1.0.1":
    "integrity" "sha512-o5sSPKEkg/DIQNmH43V0/uerLrpzVedkUh8tGNvaeXpfpuwjKenlSox/2O/BTlZUtEe+JG7s5YhEz608PlAHRA=="
    "resolved" "https://registry.npmjs.org/toidentifier/-/toidentifier-1.0.1.tgz"
    "version" "1.0.1"
  
  "touch@^3.1.0":
    "integrity" "sha512-WBx8Uy5TLtOSRtIq+M03/sKDrXCLHxwDcquSP2c43Le03/9serjQBIztjRz6FkJez9D/hleyAXTBGLwwZUw9lA=="
    "resolved" "https://registry.npmjs.org/touch/-/touch-3.1.0.tgz"
    "version" "3.1.0"
    dependencies:
      "nopt" "~1.0.10"
  
  "tr46@^3.0.0":
    "integrity" "sha512-l7FvfAHlcmulp8kr+flpQZmVwtu7nfRV7NZujtN0OqES8EL4O4e0qqzL0DC5gAvx/ZC/9lk6rhcUwYvkBnBnYA=="
    "resolved" "https://registry.npmjs.org/tr46/-/tr46-3.0.0.tgz"
    "version" "3.0.0"
    dependencies:
      "punycode" "^2.1.1"
  
  "tty-browserify@0.0.0":
    "integrity" "sha512-JVa5ijo+j/sOoHGjw0sxw734b1LhBkQ3bvUGNdxnVXDCX81Yx7TFgnZygxrIIWn23hbfTaMYLwRmAxFyDuFmIw=="
    "resolved" "https://registry.npmjs.org/tty-browserify/-/tty-browserify-0.0.0.tgz"
    "version" "0.0.0"
  
  "type-is@~1.6.18":
    "integrity" "sha512-TkRKr9sUTxEH8MdfuCSP7VizJyzRNMjj2J2do2Jr3Kym598JVdEksuzPQCnlFPW4ky9Q+iA+ma9BGm06XQBy8g=="
    "resolved" "https://registry.npmjs.org/type-is/-/type-is-1.6.18.tgz"
    "version" "1.6.18"
    dependencies:
      "media-typer" "0.3.0"
      "mime-types" "~2.1.24"
  
  "uglify-js@~2.6.0":
    "integrity" "sha512-5uPOZS1EDeuBIFwTYTlJefbQXWn+auebcRQpj5EtWr9E/7XwWVZ6YTgulZVSTHAEU9y/mYMYh2Mjt7TJ1iRNxQ=="
    "resolved" "https://registry.npmjs.org/uglify-js/-/uglify-js-2.6.4.tgz"
    "version" "2.6.4"
    dependencies:
      "async" "~0.2.6"
      "source-map" "~0.5.1"
      "uglify-to-browserify" "~1.0.0"
      "yargs" "~3.10.0"
  
  "uglify-to-browserify@~1.0.0":
    "integrity" "sha512-vb2s1lYx2xBtUgy+ta+b2J/GLVUR+wmpINwHePmPRhOsIVCG2wDzKJ0n14GslH1BifsqVzSOwQhRaCAsZ/nI4Q=="
    "resolved" "https://registry.npmjs.org/uglify-to-browserify/-/uglify-to-browserify-1.0.2.tgz"
    "version" "1.0.2"
  
  "undefsafe@^2.0.5":
    "integrity" "sha512-WxONCrssBM8TSPRqN5EmsjVrsv4A8X12J4ArBiiayv3DyyG3ZlIg6yysuuSYdZsVz3TKcTg2fd//Ujd4CHV1iA=="
    "resolved" "https://registry.npmjs.org/undefsafe/-/undefsafe-2.0.5.tgz"
    "version" "2.0.5"
  
  "union-value@^1.0.0":
    "integrity" "sha512-tJfXmxMeWYnczCVs7XAEvIV7ieppALdyepWMkHkwciRpZraG/xwT+s2JN8+pr1+8jCRf80FFzvr+MpQeeoF4Xg=="
    "resolved" "https://registry.npmjs.org/union-value/-/union-value-1.0.1.tgz"
    "version" "1.0.1"
    dependencies:
      "arr-union" "^3.1.0"
      "get-value" "^2.0.6"
      "is-extendable" "^0.1.1"
      "set-value" "^2.0.1"
  
  "unpipe@~1.0.0", "unpipe@1.0.0":
    "integrity" "sha512-pjy2bYhSsufwWlKwPc+l3cN7+wuJlK6uz0YdJEOlQDbl6jo/YlPi4mb8agUkVC8BF7V8NuzeyPNqRksA3hztKQ=="
    "resolved" "https://registry.npmjs.org/unpipe/-/unpipe-1.0.0.tgz"
    "version" "1.0.0"
  
  "unset-value@^1.0.0":
    "integrity" "sha512-PcA2tsuGSF9cnySLHTLSh2qrQiJ70mn+r+Glzxv2TWZblxsxCC52BDlZoPCsz7STd9pN7EZetkWZBAvk4cgZdQ=="
    "resolved" "https://registry.npmjs.org/unset-value/-/unset-value-1.0.0.tgz"
    "version" "1.0.0"
    dependencies:
      "has-value" "^0.3.1"
      "isobject" "^3.0.0"
  
  "urix@^0.1.0":
    "integrity" "sha512-Am1ousAhSLBeB9cG/7k7r2R0zj50uDRlZHPGbazid5s9rlF1F/QKYObEKSIunSjIOkJZqwRRLpvewjEkM7pSqg=="
    "resolved" "https://registry.npmjs.org/urix/-/urix-0.1.0.tgz"
    "version" "0.1.0"
  
  "url@~0.10.1":
    "integrity" "sha512-hzSUW2q06EqL1gKM/a+obYHLIO6ct2hwPuviqTTOcfFVc61UbfJ2Q32+uGL/HCPxKqrdGB5QUwIe7UqlDgwsOQ=="
    "resolved" "https://registry.npmjs.org/url/-/url-0.10.3.tgz"
    "version" "0.10.3"
    dependencies:
      "punycode" "1.3.2"
      "querystring" "0.2.0"
  
  "use@^3.1.0":
    "integrity" "sha512-cwESVXlO3url9YWlFW/TA9cshCEhtu7IKJ/p5soJ/gGpj7vbvFrAY/eIioQ6Dw23KjZhYgiIo8HOs1nQ2vr/oQ=="
    "resolved" "https://registry.npmjs.org/use/-/use-3.1.1.tgz"
    "version" "3.1.1"
  
  "util-deprecate@~1.0.1":
    "integrity" "sha512-EPD5q1uXyFxJpCrLnCc1nHnq3gOa6DZBocAIiI2TaSCA7VCJ1UJDMagCzIkXNsUYfD1daK//LTEQ8xiIbrHtcw=="
    "resolved" "https://registry.npmjs.org/util-deprecate/-/util-deprecate-1.0.2.tgz"
    "version" "1.0.2"
  
  "util@~0.10.3":
    "integrity" "sha512-0Pm9hTQ3se5ll1XihRic3FDIku70C+iHUdT/W926rSgHV5QgXsYbKZN8MSC3tJtSkhuROzvsQjAaFENRXr+19A=="
    "resolved" "https://registry.npmjs.org/util/-/util-0.10.4.tgz"
    "version" "0.10.4"
    dependencies:
      "inherits" "2.0.3"
  
  "util@0.10.3":
    "integrity" "sha512-5KiHfsmkqacuKjkRkdV7SsfDJ2EGiPsK92s2MhNSY0craxjTdKTtqKsJaCWp4LW33ZZ0OPUv1WO/TFvNQRiQxQ=="
    "resolved" "https://registry.npmjs.org/util/-/util-0.10.3.tgz"
    "version" "0.10.3"
    dependencies:
      "inherits" "2.0.1"
  
  "utils-merge@1.0.1":
    "integrity" "sha512-pMZTvIkT1d+TFGvDOqodOclx0QWkkgi6Tdoa8gC8ffGAAqz9pzPTZWAybbsHHoED/ztMtkv/VoYTYyShUn81hA=="
    "resolved" "https://registry.npmjs.org/utils-merge/-/utils-merge-1.0.1.tgz"
    "version" "1.0.1"
  
  "vary@^1", "vary@~1.1.2":
    "integrity" "sha512-BNGbWLfd0eUPabhkXUVm0j8uuvREyTh5ovRa/dyow/BqAbZJyC+5fU+IzQOzmAKzYqYRAISoRhdQr3eIZ/PXqg=="
    "resolved" "https://registry.npmjs.org/vary/-/vary-1.1.2.tgz"
    "version" "1.1.2"
  
  "vm-browserify@0.0.4":
    "integrity" "sha512-NyZNR3WDah+NPkjh/YmhuWSsT4a0mF0BJYgUmvrJ70zxjTXh5Y2Asobxlh0Nfs0PCFB5FVpRJft7NozAWFMwLQ=="
    "resolved" "https://registry.npmjs.org/vm-browserify/-/vm-browserify-0.0.4.tgz"
    "version" "0.0.4"
    dependencies:
      "indexof" "0.0.1"
  
  "watchpack@^0.2.1":
    "integrity" "sha512-hmLWdxNfe0Ou1xaRj+ublbOYUaZJfVz1VuHQfERLVlUrLS21gUaGa2gWRl8L5Ej1aUS3KxFN+1qoWK4kZLMvKw=="
    "resolved" "https://registry.npmjs.org/watchpack/-/watchpack-0.2.9.tgz"
    "version" "0.2.9"
    dependencies:
      "async" "^0.9.0"
      "chokidar" "^1.0.0"
      "graceful-fs" "^4.1.2"
  
  "webidl-conversions@^7.0.0":
    "integrity" "sha512-VwddBukDzu71offAQR975unBIGqfKZpM+8ZX6ySk8nYhVoo5CYaZyzt3YBvYtRtO+aoGlqxPg/B87NGVZ/fu6g=="
    "resolved" "https://registry.npmjs.org/webidl-conversions/-/webidl-conversions-7.0.0.tgz"
    "version" "7.0.0"
  
  "webpack-core@~0.6.0":
    "integrity" "sha512-P6ZUGXn5buTEZyTStCHHLwtWGKSm/jA629Zgp4pcHSsy60CCsT9MaHDxNIPL+GGJ2KwOgI6ORwQtHcrYHAt2UQ=="
    "resolved" "https://registry.npmjs.org/webpack-core/-/webpack-core-0.6.9.tgz"
    "version" "0.6.9"
    dependencies:
      "source-list-map" "~0.1.7"
      "source-map" "~0.4.1"
  
  "webpack@1.13.2":
    "integrity" "sha512-VNop8moTOEAGQdq2PPUG+HvNZPxdOJorV0diJ8mwd0iM6AI+UEzjXQomcA+cEyWXTuV0sYDJRU0niUGTSC6UuQ=="
    "resolved" "https://registry.npmjs.org/webpack/-/webpack-1.13.2.tgz"
    "version" "1.13.2"
    dependencies:
      "acorn" "^3.0.0"
      "async" "^1.3.0"
      "clone" "^1.0.2"
      "enhanced-resolve" "~0.9.0"
      "interpret" "^0.6.4"
      "loader-utils" "^0.2.11"
      "memory-fs" "~0.3.0"
      "mkdirp" "~0.5.0"
      "node-libs-browser" "^0.6.0"
      "optimist" "~0.6.0"
      "supports-color" "^3.1.0"
      "tapable" "~0.1.8"
      "uglify-js" "~2.6.0"
      "watchpack" "^0.2.1"
      "webpack-core" "~0.6.0"
  
  "whatwg-url@^11.0.0":
    "integrity" "sha512-RKT8HExMpoYx4igMiVMY83lN6UeITKJlBQ+vR/8ZJ8OCdSiN3RwCq+9gH0+Xzj0+5IrM6i4j/6LuvzbZIQgEcQ=="
    "resolved" "https://registry.npmjs.org/whatwg-url/-/whatwg-url-11.0.0.tgz"
    "version" "11.0.0"
    dependencies:
      "tr46" "^3.0.0"
      "webidl-conversions" "^7.0.0"
  
  "window-size@0.1.0":
    "integrity" "sha512-1pTPQDKTdd61ozlKGNCjhNRd+KPmgLSGa3mZTHoOliaGcESD8G1PXhh7c1fgiPjVbNVfgy2Faw4BI8/m0cC8Mg=="
    "resolved" "https://registry.npmjs.org/window-size/-/window-size-0.1.0.tgz"
    "version" "0.1.0"
  
  "wordwrap@~0.0.2":
    "integrity" "sha512-1tMA907+V4QmxV7dbRvb4/8MaRALK6q9Abid3ndMYnbyo8piisCmeONVqVSXqQA3KaP4SLt5b7ud6E2sqP8TFw=="
    "resolved" "https://registry.npmjs.org/wordwrap/-/wordwrap-0.0.3.tgz"
    "version" "0.0.3"
  
  "wordwrap@0.0.2":
    "integrity" "sha512-xSBsCeh+g+dinoBv3GAOWM4LcVVO68wLXRanibtBSdUvkGWQRGeE9P7IwU9EmDDi4jA6L44lz15CGMwdw9N5+Q=="
    "resolved" "https://registry.npmjs.org/wordwrap/-/wordwrap-0.0.2.tgz"
    "version" "0.0.2"
  
  "yargs@~3.10.0":
    "integrity" "sha512-QFzUah88GAGy9lyDKGBqZdkYApt63rCXYBGYnEP4xDJPXNqXXnBDACnbrXnViV6jRSqAePwrATi2i8mfYm4L1A=="
    "resolved" "https://registry.npmjs.org/yargs/-/yargs-3.10.0.tgz"
    "version" "3.10.0"
    dependencies:
      "camelcase" "^1.0.2"
      "cliui" "^2.1.0"
      "decamelize" "^1.0.0"
      "window-size" "0.1.0"
